17:33:39:094  INFO 16952 --- [main] com.alibaba.nacos.common.remote.client   : [RpcClientFactory] create a new rpc client of 72b11c10-5bb1-46c8-8034-c707d89bd0c6_config-0
17:33:39:122  INFO 16952 --- [main] org.reflections.Reflections              : Reflections took 16 ms to scan 1 urls, producing 3 keys and 6 values 
17:33:39:143  INFO 16952 --- [main] org.reflections.Reflections              : Reflections took 14 ms to scan 1 urls, producing 4 keys and 9 values 
17:33:39:148  INFO 16952 --- [main] org.reflections.Reflections              : Reflections took 4 ms to scan 1 urls, producing 3 keys and 10 values 
17:33:39:150  WARN 16952 --- [main] org.reflections.Reflections              : given scan urls are empty. set urls in the configuration
17:33:39:155  INFO 16952 --- [main] org.reflections.Reflections              : Reflections took 4 ms to scan 1 urls, producing 1 keys and 5 values 
17:33:39:161  INFO 16952 --- [main] org.reflections.Reflections              : Reflections took 5 ms to scan 1 urls, producing 1 keys and 7 values 
17:33:39:166  INFO 16952 --- [main] org.reflections.Reflections              : Reflections took 4 ms to scan 1 urls, producing 2 keys and 8 values 
17:33:39:167  WARN 16952 --- [main] org.reflections.Reflections              : given scan urls are empty. set urls in the configuration
17:33:39:167  INFO 16952 --- [main] com.alibaba.nacos.common.remote.client   : [72b11c10-5bb1-46c8-8034-c707d89bd0c6_config-0] RpcClient init label, labels = {module=config, Vipserver-Tag=null, source=sdk, Amory-Tag=null, Location-Tag=null, taskId=0, AppName=unknown}
17:33:39:167  INFO 16952 --- [main] com.alibaba.nacos.common.remote.client   : [72b11c10-5bb1-46c8-8034-c707d89bd0c6_config-0] Register server push request handler:com.alibaba.nacos.client.config.impl.ClientWorker$ConfigRpcTransportClient$$Lambda$471/0x00000224013733d8
17:33:39:168  INFO 16952 --- [main] com.alibaba.nacos.common.remote.client   : [72b11c10-5bb1-46c8-8034-c707d89bd0c6_config-0] Register server push request handler:com.alibaba.nacos.client.config.impl.ClientWorker$ConfigRpcTransportClient$$Lambda$472/0x00000224013735f8
17:33:39:168  INFO 16952 --- [main] com.alibaba.nacos.common.remote.client   : [72b11c10-5bb1-46c8-8034-c707d89bd0c6_config-0] Registry connection listener to current client:com.alibaba.nacos.client.config.impl.ClientWorker$ConfigRpcTransportClient$1
17:33:39:168  INFO 16952 --- [main] com.alibaba.nacos.common.remote.client   : [72b11c10-5bb1-46c8-8034-c707d89bd0c6_config-0] RpcClient init, ServerListFactory = com.alibaba.nacos.client.config.impl.ClientWorker$ConfigRpcTransportClient$2
17:33:39:171  INFO 16952 --- [main] com.alibaba.nacos.common.remote.client   : [72b11c10-5bb1-46c8-8034-c707d89bd0c6_config-0] Try to connect to server on start up, server: {serverIp = '192.168.153.128', server main port = 8848}
17:33:39:730  INFO 16952 --- [main] com.alibaba.nacos.common.remote.client   : [72b11c10-5bb1-46c8-8034-c707d89bd0c6_config-0] Success to connect to server [192.168.153.128:8848] on start up, connectionId = 1731620352662_192.168.153.1_51090
17:33:39:731  INFO 16952 --- [com.alibaba.nacos.client.remote.worker] com.alibaba.nacos.common.remote.client   : [72b11c10-5bb1-46c8-8034-c707d89bd0c6_config-0] Notify connected event to listeners.
17:33:39:731  INFO 16952 --- [main] com.alibaba.nacos.common.remote.client   : [72b11c10-5bb1-46c8-8034-c707d89bd0c6_config-0] Register server push request handler:com.alibaba.nacos.common.remote.client.RpcClient$ConnectResetRequestHandler
17:33:39:732  INFO 16952 --- [main] com.alibaba.nacos.common.remote.client   : [72b11c10-5bb1-46c8-8034-c707d89bd0c6_config-0] Register server push request handler:com.alibaba.nacos.common.remote.client.RpcClient$$Lambda$486/0x00000224014ef028
17:33:39:771  WARN 16952 --- [main] c.a.c.n.c.NacosPropertySourceBuilder     : Ignore the empty nacos configuration and get it based on dataId[shared.jdbc.yaml] & group[DEFAULT_GROUP]
17:33:39:813  WARN 16952 --- [main] c.a.c.n.c.NacosPropertySourceBuilder     : Ignore the empty nacos configuration and get it based on dataId[cart-service] & group[DEFAULT_GROUP]
17:33:39:825  WARN 16952 --- [main] c.a.c.n.c.NacosPropertySourceBuilder     : Ignore the empty nacos configuration and get it based on dataId[cart-service.yaml] & group[DEFAULT_GROUP]
17:33:39:833  WARN 16952 --- [main] c.a.c.n.c.NacosPropertySourceBuilder     : Ignore the empty nacos configuration and get it based on dataId[cart-service-local.yaml] & group[DEFAULT_GROUP]
17:33:39:834  INFO 16952 --- [main] b.c.PropertySourceBootstrapConfiguration : Located property source: [BootstrapPropertySource {name='bootstrapProperties-cart-service-local.yaml,DEFAULT_GROUP'}, BootstrapPropertySource {name='bootstrapProperties-cart-service.yaml,DEFAULT_GROUP'}, BootstrapPropertySource {name='bootstrapProperties-cart-service,DEFAULT_GROUP'}, BootstrapPropertySource {name='bootstrapProperties-logs,DEFAULT_GROUP'}, BootstrapPropertySource {name='bootstrapProperties-swagger,DEFAULT_GROUP'}, BootstrapPropertySource {name='bootstrapProperties-shared.jdbc.yaml,DEFAULT_GROUP'}]
17:34:01:121  INFO 20908 --- [main] com.alibaba.nacos.common.remote.client   : [RpcClientFactory] create a new rpc client of ccea2390-3810-4cf8-81da-96f18a08f1f4_config-0
17:34:01:150  INFO 20908 --- [main] org.reflections.Reflections              : Reflections took 16 ms to scan 1 urls, producing 3 keys and 6 values 
17:34:01:166  INFO 20908 --- [main] org.reflections.Reflections              : Reflections took 9 ms to scan 1 urls, producing 4 keys and 9 values 
17:34:01:171  INFO 20908 --- [main] org.reflections.Reflections              : Reflections took 4 ms to scan 1 urls, producing 3 keys and 10 values 
17:34:01:172  WARN 20908 --- [main] org.reflections.Reflections              : given scan urls are empty. set urls in the configuration
17:34:01:176  INFO 20908 --- [main] org.reflections.Reflections              : Reflections took 4 ms to scan 1 urls, producing 1 keys and 5 values 
17:34:01:181  INFO 20908 --- [main] org.reflections.Reflections              : Reflections took 4 ms to scan 1 urls, producing 1 keys and 7 values 
17:34:01:190  INFO 20908 --- [main] org.reflections.Reflections              : Reflections took 8 ms to scan 1 urls, producing 2 keys and 8 values 
17:34:01:191  WARN 20908 --- [main] org.reflections.Reflections              : given scan urls are empty. set urls in the configuration
17:34:01:191  INFO 20908 --- [main] com.alibaba.nacos.common.remote.client   : [ccea2390-3810-4cf8-81da-96f18a08f1f4_config-0] RpcClient init label, labels = {module=config, Vipserver-Tag=null, source=sdk, Amory-Tag=null, Location-Tag=null, taskId=0, AppName=unknown}
17:34:01:191  INFO 20908 --- [main] com.alibaba.nacos.common.remote.client   : [ccea2390-3810-4cf8-81da-96f18a08f1f4_config-0] Register server push request handler:com.alibaba.nacos.client.config.impl.ClientWorker$ConfigRpcTransportClient$$Lambda$471/0x0000022e0d374dc8
17:34:01:192  INFO 20908 --- [main] com.alibaba.nacos.common.remote.client   : [ccea2390-3810-4cf8-81da-96f18a08f1f4_config-0] Register server push request handler:com.alibaba.nacos.client.config.impl.ClientWorker$ConfigRpcTransportClient$$Lambda$472/0x0000022e0d374fe8
17:34:01:192  INFO 20908 --- [main] com.alibaba.nacos.common.remote.client   : [ccea2390-3810-4cf8-81da-96f18a08f1f4_config-0] Registry connection listener to current client:com.alibaba.nacos.client.config.impl.ClientWorker$ConfigRpcTransportClient$1
17:34:01:192  INFO 20908 --- [main] com.alibaba.nacos.common.remote.client   : [ccea2390-3810-4cf8-81da-96f18a08f1f4_config-0] RpcClient init, ServerListFactory = com.alibaba.nacos.client.config.impl.ClientWorker$ConfigRpcTransportClient$2
17:34:01:196  INFO 20908 --- [main] com.alibaba.nacos.common.remote.client   : [ccea2390-3810-4cf8-81da-96f18a08f1f4_config-0] Try to connect to server on start up, server: {serverIp = '192.168.153.128', server main port = 8848}
17:34:01:770  INFO 20908 --- [main] com.alibaba.nacos.common.remote.client   : [ccea2390-3810-4cf8-81da-96f18a08f1f4_config-0] Success to connect to server [192.168.153.128:8848] on start up, connectionId = 1731620376530_192.168.153.1_51103
17:34:01:770  INFO 20908 --- [com.alibaba.nacos.client.remote.worker] com.alibaba.nacos.common.remote.client   : [ccea2390-3810-4cf8-81da-96f18a08f1f4_config-0] Notify connected event to listeners.
17:34:01:770  INFO 20908 --- [main] com.alibaba.nacos.common.remote.client   : [ccea2390-3810-4cf8-81da-96f18a08f1f4_config-0] Register server push request handler:com.alibaba.nacos.common.remote.client.RpcClient$ConnectResetRequestHandler
17:34:01:771  INFO 20908 --- [main] com.alibaba.nacos.common.remote.client   : [ccea2390-3810-4cf8-81da-96f18a08f1f4_config-0] Register server push request handler:com.alibaba.nacos.common.remote.client.RpcClient$$Lambda$486/0x0000022e0d4ecd90
17:34:01:807  WARN 20908 --- [main] c.a.c.n.c.NacosPropertySourceBuilder     : Ignore the empty nacos configuration and get it based on dataId[shared.jdbc.yaml] & group[DEFAULT_GROUP]
17:34:01:860  WARN 20908 --- [main] c.a.c.n.c.NacosPropertySourceBuilder     : Ignore the empty nacos configuration and get it based on dataId[cart-service] & group[DEFAULT_GROUP]
17:34:01:870  WARN 20908 --- [main] c.a.c.n.c.NacosPropertySourceBuilder     : Ignore the empty nacos configuration and get it based on dataId[cart-service.yaml] & group[DEFAULT_GROUP]
17:34:01:880  WARN 20908 --- [main] c.a.c.n.c.NacosPropertySourceBuilder     : Ignore the empty nacos configuration and get it based on dataId[cart-service-local.yaml] & group[DEFAULT_GROUP]
17:34:01:880  INFO 20908 --- [main] b.c.PropertySourceBootstrapConfiguration : Located property source: [BootstrapPropertySource {name='bootstrapProperties-cart-service-local.yaml,DEFAULT_GROUP'}, BootstrapPropertySource {name='bootstrapProperties-cart-service.yaml,DEFAULT_GROUP'}, BootstrapPropertySource {name='bootstrapProperties-cart-service,DEFAULT_GROUP'}, BootstrapPropertySource {name='bootstrapProperties-logs,DEFAULT_GROUP'}, BootstrapPropertySource {name='bootstrapProperties-swagger,DEFAULT_GROUP'}, BootstrapPropertySource {name='bootstrapProperties-shared.jdbc.yaml,DEFAULT_GROUP'}]
17:34:30:694  INFO 21200 --- [main] com.alibaba.nacos.common.remote.client   : [RpcClientFactory] create a new rpc client of 152a5cac-cad9-47f8-ae97-64d455f7d10e_config-0
17:34:30:722  INFO 21200 --- [main] org.reflections.Reflections              : Reflections took 16 ms to scan 1 urls, producing 3 keys and 6 values 
17:34:30:739  INFO 21200 --- [main] org.reflections.Reflections              : Reflections took 10 ms to scan 1 urls, producing 4 keys and 9 values 
17:34:30:744  INFO 21200 --- [main] org.reflections.Reflections              : Reflections took 4 ms to scan 1 urls, producing 3 keys and 10 values 
17:34:30:745  WARN 21200 --- [main] org.reflections.Reflections              : given scan urls are empty. set urls in the configuration
17:34:30:749  INFO 21200 --- [main] org.reflections.Reflections              : Reflections took 3 ms to scan 1 urls, producing 1 keys and 5 values 
17:34:30:755  INFO 21200 --- [main] org.reflections.Reflections              : Reflections took 4 ms to scan 1 urls, producing 1 keys and 7 values 
17:34:30:764  INFO 21200 --- [main] org.reflections.Reflections              : Reflections took 8 ms to scan 1 urls, producing 2 keys and 8 values 
17:34:30:764  WARN 21200 --- [main] org.reflections.Reflections              : given scan urls are empty. set urls in the configuration
17:34:30:765  INFO 21200 --- [main] com.alibaba.nacos.common.remote.client   : [152a5cac-cad9-47f8-ae97-64d455f7d10e_config-0] RpcClient init label, labels = {module=config, Vipserver-Tag=null, source=sdk, Amory-Tag=null, Location-Tag=null, taskId=0, AppName=unknown}
17:34:30:765  INFO 21200 --- [main] com.alibaba.nacos.common.remote.client   : [152a5cac-cad9-47f8-ae97-64d455f7d10e_config-0] Register server push request handler:com.alibaba.nacos.client.config.impl.ClientWorker$ConfigRpcTransportClient$$Lambda$471/0x000002b5cf3738c8
17:34:30:765  INFO 21200 --- [main] com.alibaba.nacos.common.remote.client   : [152a5cac-cad9-47f8-ae97-64d455f7d10e_config-0] Register server push request handler:com.alibaba.nacos.client.config.impl.ClientWorker$ConfigRpcTransportClient$$Lambda$472/0x000002b5cf373ae8
17:34:30:765  INFO 21200 --- [main] com.alibaba.nacos.common.remote.client   : [152a5cac-cad9-47f8-ae97-64d455f7d10e_config-0] Registry connection listener to current client:com.alibaba.nacos.client.config.impl.ClientWorker$ConfigRpcTransportClient$1
17:34:30:766  INFO 21200 --- [main] com.alibaba.nacos.common.remote.client   : [152a5cac-cad9-47f8-ae97-64d455f7d10e_config-0] RpcClient init, ServerListFactory = com.alibaba.nacos.client.config.impl.ClientWorker$ConfigRpcTransportClient$2
17:34:30:769  INFO 21200 --- [main] com.alibaba.nacos.common.remote.client   : [152a5cac-cad9-47f8-ae97-64d455f7d10e_config-0] Try to connect to server on start up, server: {serverIp = '192.168.153.128', server main port = 8848}
17:34:31:321  INFO 21200 --- [main] com.alibaba.nacos.common.remote.client   : [152a5cac-cad9-47f8-ae97-64d455f7d10e_config-0] Success to connect to server [192.168.153.128:8848] on start up, connectionId = 1731620408561_192.168.153.1_51127
17:34:31:322  INFO 21200 --- [com.alibaba.nacos.client.remote.worker] com.alibaba.nacos.common.remote.client   : [152a5cac-cad9-47f8-ae97-64d455f7d10e_config-0] Notify connected event to listeners.
17:34:31:323  INFO 21200 --- [main] com.alibaba.nacos.common.remote.client   : [152a5cac-cad9-47f8-ae97-64d455f7d10e_config-0] Register server push request handler:com.alibaba.nacos.common.remote.client.RpcClient$ConnectResetRequestHandler
17:34:31:323  INFO 21200 --- [main] com.alibaba.nacos.common.remote.client   : [152a5cac-cad9-47f8-ae97-64d455f7d10e_config-0] Register server push request handler:com.alibaba.nacos.common.remote.client.RpcClient$$Lambda$486/0x000002b5cf4efcb0
17:34:31:359  WARN 21200 --- [main] c.a.c.n.c.NacosPropertySourceBuilder     : Ignore the empty nacos configuration and get it based on dataId[shared.jdbc.yaml] & group[DEFAULT_GROUP]
17:34:31:392  WARN 21200 --- [main] c.a.c.n.c.NacosPropertySourceBuilder     : Ignore the empty nacos configuration and get it based on dataId[cart-service] & group[DEFAULT_GROUP]
17:34:31:404  WARN 21200 --- [main] c.a.c.n.c.NacosPropertySourceBuilder     : Ignore the empty nacos configuration and get it based on dataId[cart-service.yaml] & group[DEFAULT_GROUP]
17:34:31:417  WARN 21200 --- [main] c.a.c.n.c.NacosPropertySourceBuilder     : Ignore the empty nacos configuration and get it based on dataId[cart-service-local.yaml] & group[DEFAULT_GROUP]
17:34:31:418  INFO 21200 --- [main] b.c.PropertySourceBootstrapConfiguration : Located property source: [BootstrapPropertySource {name='bootstrapProperties-cart-service-local.yaml,DEFAULT_GROUP'}, BootstrapPropertySource {name='bootstrapProperties-cart-service.yaml,DEFAULT_GROUP'}, BootstrapPropertySource {name='bootstrapProperties-cart-service,DEFAULT_GROUP'}, BootstrapPropertySource {name='bootstrapProperties-logs,DEFAULT_GROUP'}, BootstrapPropertySource {name='bootstrapProperties-swagger,DEFAULT_GROUP'}, BootstrapPropertySource {name='bootstrapProperties-shared.jdbc.yaml,DEFAULT_GROUP'}]
17:35:45:443  INFO 15016 --- [main] com.alibaba.nacos.common.remote.client   : [RpcClientFactory] create a new rpc client of 296b7e71-76fa-4d69-8822-c1d12fa57aed_config-0
17:35:45:473  INFO 15016 --- [main] org.reflections.Reflections              : Reflections took 17 ms to scan 1 urls, producing 3 keys and 6 values 
17:35:45:495  INFO 15016 --- [main] org.reflections.Reflections              : Reflections took 11 ms to scan 1 urls, producing 4 keys and 9 values 
17:35:45:501  INFO 15016 --- [main] org.reflections.Reflections              : Reflections took 4 ms to scan 1 urls, producing 3 keys and 10 values 
17:35:45:502  WARN 15016 --- [main] org.reflections.Reflections              : given scan urls are empty. set urls in the configuration
17:35:45:507  INFO 15016 --- [main] org.reflections.Reflections              : Reflections took 4 ms to scan 1 urls, producing 1 keys and 5 values 
17:35:45:512  INFO 15016 --- [main] org.reflections.Reflections              : Reflections took 4 ms to scan 1 urls, producing 1 keys and 7 values 
17:35:45:517  INFO 15016 --- [main] org.reflections.Reflections              : Reflections took 4 ms to scan 1 urls, producing 2 keys and 8 values 
17:35:45:518  WARN 15016 --- [main] org.reflections.Reflections              : given scan urls are empty. set urls in the configuration
17:35:45:518  INFO 15016 --- [main] com.alibaba.nacos.common.remote.client   : [296b7e71-76fa-4d69-8822-c1d12fa57aed_config-0] RpcClient init label, labels = {module=config, Vipserver-Tag=null, source=sdk, Amory-Tag=null, Location-Tag=null, taskId=0, AppName=unknown}
17:35:45:519  INFO 15016 --- [main] com.alibaba.nacos.common.remote.client   : [296b7e71-76fa-4d69-8822-c1d12fa57aed_config-0] Register server push request handler:com.alibaba.nacos.client.config.impl.ClientWorker$ConfigRpcTransportClient$$Lambda$471/0x0000017817374730
17:35:45:519  INFO 15016 --- [main] com.alibaba.nacos.common.remote.client   : [296b7e71-76fa-4d69-8822-c1d12fa57aed_config-0] Register server push request handler:com.alibaba.nacos.client.config.impl.ClientWorker$ConfigRpcTransportClient$$Lambda$472/0x0000017817374950
17:35:45:519  INFO 15016 --- [main] com.alibaba.nacos.common.remote.client   : [296b7e71-76fa-4d69-8822-c1d12fa57aed_config-0] Registry connection listener to current client:com.alibaba.nacos.client.config.impl.ClientWorker$ConfigRpcTransportClient$1
17:35:45:519  INFO 15016 --- [main] com.alibaba.nacos.common.remote.client   : [296b7e71-76fa-4d69-8822-c1d12fa57aed_config-0] RpcClient init, ServerListFactory = com.alibaba.nacos.client.config.impl.ClientWorker$ConfigRpcTransportClient$2
17:35:45:523  INFO 15016 --- [main] com.alibaba.nacos.common.remote.client   : [296b7e71-76fa-4d69-8822-c1d12fa57aed_config-0] Try to connect to server on start up, server: {serverIp = '192.168.153.128', server main port = 8848}
17:35:46:077  INFO 15016 --- [main] com.alibaba.nacos.common.remote.client   : [296b7e71-76fa-4d69-8822-c1d12fa57aed_config-0] Success to connect to server [192.168.153.128:8848] on start up, connectionId = 1731620489542_192.168.153.1_51159
17:35:46:079  INFO 15016 --- [com.alibaba.nacos.client.remote.worker] com.alibaba.nacos.common.remote.client   : [296b7e71-76fa-4d69-8822-c1d12fa57aed_config-0] Notify connected event to listeners.
17:35:46:079  INFO 15016 --- [main] com.alibaba.nacos.common.remote.client   : [296b7e71-76fa-4d69-8822-c1d12fa57aed_config-0] Register server push request handler:com.alibaba.nacos.common.remote.client.RpcClient$ConnectResetRequestHandler
17:35:46:080  INFO 15016 --- [main] com.alibaba.nacos.common.remote.client   : [296b7e71-76fa-4d69-8822-c1d12fa57aed_config-0] Register server push request handler:com.alibaba.nacos.common.remote.client.RpcClient$$Lambda$486/0x00000178174ecb18
17:35:46:126  WARN 15016 --- [main] c.a.c.n.c.NacosPropertySourceBuilder     : Ignore the empty nacos configuration and get it based on dataId[shared.jdbc.yaml] & group[DEFAULT_GROUP]
17:35:46:185  WARN 15016 --- [main] c.a.c.n.c.NacosPropertySourceBuilder     : Ignore the empty nacos configuration and get it based on dataId[cart-service] & group[DEFAULT_GROUP]
17:35:46:199  WARN 15016 --- [main] c.a.c.n.c.NacosPropertySourceBuilder     : Ignore the empty nacos configuration and get it based on dataId[cart-service.yaml] & group[DEFAULT_GROUP]
17:35:46:212  WARN 15016 --- [main] c.a.c.n.c.NacosPropertySourceBuilder     : Ignore the empty nacos configuration and get it based on dataId[cart-service-local.yaml] & group[DEFAULT_GROUP]
17:35:46:213  INFO 15016 --- [main] b.c.PropertySourceBootstrapConfiguration : Located property source: [BootstrapPropertySource {name='bootstrapProperties-cart-service-local.yaml,DEFAULT_GROUP'}, BootstrapPropertySource {name='bootstrapProperties-cart-service.yaml,DEFAULT_GROUP'}, BootstrapPropertySource {name='bootstrapProperties-cart-service,DEFAULT_GROUP'}, BootstrapPropertySource {name='bootstrapProperties-logs,DEFAULT_GROUP'}, BootstrapPropertySource {name='bootstrapProperties-swagger,DEFAULT_GROUP'}, BootstrapPropertySource {name='bootstrapProperties-shared.jdbc.yaml,DEFAULT_GROUP'}]
17:36:28:051  INFO 10316 --- [main] com.alibaba.nacos.common.remote.client   : [RpcClientFactory] create a new rpc client of 7e3ecb08-45ed-44d6-a58e-a9845ebb6719_config-0
17:36:28:077  INFO 10316 --- [main] org.reflections.Reflections              : Reflections took 13 ms to scan 1 urls, producing 3 keys and 6 values 
17:36:28:097  INFO 10316 --- [main] org.reflections.Reflections              : Reflections took 12 ms to scan 1 urls, producing 4 keys and 9 values 
17:36:28:102  INFO 10316 --- [main] org.reflections.Reflections              : Reflections took 4 ms to scan 1 urls, producing 3 keys and 10 values 
17:36:28:103  WARN 10316 --- [main] org.reflections.Reflections              : given scan urls are empty. set urls in the configuration
17:36:28:108  INFO 10316 --- [main] org.reflections.Reflections              : Reflections took 3 ms to scan 1 urls, producing 1 keys and 5 values 
17:36:28:113  INFO 10316 --- [main] org.reflections.Reflections              : Reflections took 5 ms to scan 1 urls, producing 1 keys and 7 values 
17:36:28:117  INFO 10316 --- [main] org.reflections.Reflections              : Reflections took 3 ms to scan 1 urls, producing 2 keys and 8 values 
17:36:28:118  WARN 10316 --- [main] org.reflections.Reflections              : given scan urls are empty. set urls in the configuration
17:36:28:119  INFO 10316 --- [main] com.alibaba.nacos.common.remote.client   : [7e3ecb08-45ed-44d6-a58e-a9845ebb6719_config-0] RpcClient init label, labels = {module=config, Vipserver-Tag=null, source=sdk, Amory-Tag=null, Location-Tag=null, taskId=0, AppName=unknown}
17:36:28:119  INFO 10316 --- [main] com.alibaba.nacos.common.remote.client   : [7e3ecb08-45ed-44d6-a58e-a9845ebb6719_config-0] Register server push request handler:com.alibaba.nacos.client.config.impl.ClientWorker$ConfigRpcTransportClient$$Lambda$471/0x000001568d3744e8
17:36:28:119  INFO 10316 --- [main] com.alibaba.nacos.common.remote.client   : [7e3ecb08-45ed-44d6-a58e-a9845ebb6719_config-0] Register server push request handler:com.alibaba.nacos.client.config.impl.ClientWorker$ConfigRpcTransportClient$$Lambda$472/0x000001568d374708
17:36:28:119  INFO 10316 --- [main] com.alibaba.nacos.common.remote.client   : [7e3ecb08-45ed-44d6-a58e-a9845ebb6719_config-0] Registry connection listener to current client:com.alibaba.nacos.client.config.impl.ClientWorker$ConfigRpcTransportClient$1
17:36:28:120  INFO 10316 --- [main] com.alibaba.nacos.common.remote.client   : [7e3ecb08-45ed-44d6-a58e-a9845ebb6719_config-0] RpcClient init, ServerListFactory = com.alibaba.nacos.client.config.impl.ClientWorker$ConfigRpcTransportClient$2
17:36:28:123  INFO 10316 --- [main] com.alibaba.nacos.common.remote.client   : [7e3ecb08-45ed-44d6-a58e-a9845ebb6719_config-0] Try to connect to server on start up, server: {serverIp = '192.168.153.128', server main port = 8848}
17:36:28:663  INFO 10316 --- [main] com.alibaba.nacos.common.remote.client   : [7e3ecb08-45ed-44d6-a58e-a9845ebb6719_config-0] Success to connect to server [192.168.153.128:8848] on start up, connectionId = 1731620535689_192.168.153.1_51176
17:36:28:663  INFO 10316 --- [com.alibaba.nacos.client.remote.worker] com.alibaba.nacos.common.remote.client   : [7e3ecb08-45ed-44d6-a58e-a9845ebb6719_config-0] Notify connected event to listeners.
17:36:28:663  INFO 10316 --- [main] com.alibaba.nacos.common.remote.client   : [7e3ecb08-45ed-44d6-a58e-a9845ebb6719_config-0] Register server push request handler:com.alibaba.nacos.common.remote.client.RpcClient$ConnectResetRequestHandler
17:36:28:664  INFO 10316 --- [main] com.alibaba.nacos.common.remote.client   : [7e3ecb08-45ed-44d6-a58e-a9845ebb6719_config-0] Register server push request handler:com.alibaba.nacos.common.remote.client.RpcClient$$Lambda$486/0x000001568d4ec200
17:36:28:706  WARN 10316 --- [main] c.a.c.n.c.NacosPropertySourceBuilder     : Ignore the empty nacos configuration and get it based on dataId[shared.jdbc.yaml] & group[DEFAULT_GROUP]
17:36:28:744  WARN 10316 --- [main] c.a.c.n.c.NacosPropertySourceBuilder     : Ignore the empty nacos configuration and get it based on dataId[cart-service] & group[DEFAULT_GROUP]
17:36:28:754  WARN 10316 --- [main] c.a.c.n.c.NacosPropertySourceBuilder     : Ignore the empty nacos configuration and get it based on dataId[cart-service.yaml] & group[DEFAULT_GROUP]
17:36:28:764  WARN 10316 --- [main] c.a.c.n.c.NacosPropertySourceBuilder     : Ignore the empty nacos configuration and get it based on dataId[cart-service-local.yaml] & group[DEFAULT_GROUP]
17:36:28:765  INFO 10316 --- [main] b.c.PropertySourceBootstrapConfiguration : Located property source: [BootstrapPropertySource {name='bootstrapProperties-cart-service-local.yaml,DEFAULT_GROUP'}, BootstrapPropertySource {name='bootstrapProperties-cart-service.yaml,DEFAULT_GROUP'}, BootstrapPropertySource {name='bootstrapProperties-cart-service,DEFAULT_GROUP'}, BootstrapPropertySource {name='bootstrapProperties-logs,DEFAULT_GROUP'}, BootstrapPropertySource {name='bootstrapProperties-swagger,DEFAULT_GROUP'}, BootstrapPropertySource {name='bootstrapProperties-shared.jdbc.yaml,DEFAULT_GROUP'}]
17:37:04:197  INFO 22436 --- [main] com.alibaba.nacos.common.remote.client   : [RpcClientFactory] create a new rpc client of ad48664f-b64c-4829-8e9c-c7424d76f403_config-0
17:37:04:230  INFO 22436 --- [main] org.reflections.Reflections              : Reflections took 20 ms to scan 1 urls, producing 3 keys and 6 values 
17:37:04:242  INFO 22436 --- [main] org.reflections.Reflections              : Reflections took 5 ms to scan 1 urls, producing 4 keys and 9 values 
17:37:04:247  INFO 22436 --- [main] org.reflections.Reflections              : Reflections took 4 ms to scan 1 urls, producing 3 keys and 10 values 
17:37:04:248  WARN 22436 --- [main] org.reflections.Reflections              : given scan urls are empty. set urls in the configuration
17:37:04:257  INFO 22436 --- [main] org.reflections.Reflections              : Reflections took 8 ms to scan 1 urls, producing 1 keys and 5 values 
17:37:04:262  INFO 22436 --- [main] org.reflections.Reflections              : Reflections took 4 ms to scan 1 urls, producing 1 keys and 7 values 
17:37:04:267  INFO 22436 --- [main] org.reflections.Reflections              : Reflections took 4 ms to scan 1 urls, producing 2 keys and 8 values 
17:37:04:268  WARN 22436 --- [main] org.reflections.Reflections              : given scan urls are empty. set urls in the configuration
17:37:04:268  INFO 22436 --- [main] com.alibaba.nacos.common.remote.client   : [ad48664f-b64c-4829-8e9c-c7424d76f403_config-0] RpcClient init label, labels = {module=config, Vipserver-Tag=null, source=sdk, Amory-Tag=null, Location-Tag=null, taskId=0, AppName=unknown}
17:37:04:269  INFO 22436 --- [main] com.alibaba.nacos.common.remote.client   : [ad48664f-b64c-4829-8e9c-c7424d76f403_config-0] Register server push request handler:com.alibaba.nacos.client.config.impl.ClientWorker$ConfigRpcTransportClient$$Lambda$471/0x000002afc43733d8
17:37:04:269  INFO 22436 --- [main] com.alibaba.nacos.common.remote.client   : [ad48664f-b64c-4829-8e9c-c7424d76f403_config-0] Register server push request handler:com.alibaba.nacos.client.config.impl.ClientWorker$ConfigRpcTransportClient$$Lambda$472/0x000002afc43735f8
17:37:04:269  INFO 22436 --- [main] com.alibaba.nacos.common.remote.client   : [ad48664f-b64c-4829-8e9c-c7424d76f403_config-0] Registry connection listener to current client:com.alibaba.nacos.client.config.impl.ClientWorker$ConfigRpcTransportClient$1
17:37:04:269  INFO 22436 --- [main] com.alibaba.nacos.common.remote.client   : [ad48664f-b64c-4829-8e9c-c7424d76f403_config-0] RpcClient init, ServerListFactory = com.alibaba.nacos.client.config.impl.ClientWorker$ConfigRpcTransportClient$2
17:37:04:272  INFO 22436 --- [main] com.alibaba.nacos.common.remote.client   : [ad48664f-b64c-4829-8e9c-c7424d76f403_config-0] Try to connect to server on start up, server: {serverIp = '192.168.153.128', server main port = 8848}
17:37:04:818  INFO 22436 --- [main] com.alibaba.nacos.common.remote.client   : [ad48664f-b64c-4829-8e9c-c7424d76f403_config-0] Success to connect to server [192.168.153.128:8848] on start up, connectionId = 1731620574849_192.168.153.1_51191
17:37:04:818  INFO 22436 --- [com.alibaba.nacos.client.remote.worker] com.alibaba.nacos.common.remote.client   : [ad48664f-b64c-4829-8e9c-c7424d76f403_config-0] Notify connected event to listeners.
17:37:04:818  INFO 22436 --- [main] com.alibaba.nacos.common.remote.client   : [ad48664f-b64c-4829-8e9c-c7424d76f403_config-0] Register server push request handler:com.alibaba.nacos.common.remote.client.RpcClient$ConnectResetRequestHandler
17:37:04:819  INFO 22436 --- [main] com.alibaba.nacos.common.remote.client   : [ad48664f-b64c-4829-8e9c-c7424d76f403_config-0] Register server push request handler:com.alibaba.nacos.common.remote.client.RpcClient$$Lambda$486/0x000002afc44ef0d8
17:37:04:857  WARN 22436 --- [main] c.a.c.n.c.NacosPropertySourceBuilder     : Ignore the empty nacos configuration and get it based on dataId[shared.jdbc.yaml] & group[DEFAULT_GROUP]
17:37:04:885  WARN 22436 --- [main] c.a.c.n.c.NacosPropertySourceBuilder     : Ignore the empty nacos configuration and get it based on dataId[cart-service] & group[DEFAULT_GROUP]
17:37:04:890  WARN 22436 --- [main] c.a.c.n.c.NacosPropertySourceBuilder     : Ignore the empty nacos configuration and get it based on dataId[cart-service.yaml] & group[DEFAULT_GROUP]
17:37:04:895  WARN 22436 --- [main] c.a.c.n.c.NacosPropertySourceBuilder     : Ignore the empty nacos configuration and get it based on dataId[cart-service-local.yaml] & group[DEFAULT_GROUP]
17:37:04:896  INFO 22436 --- [main] b.c.PropertySourceBootstrapConfiguration : Located property source: [BootstrapPropertySource {name='bootstrapProperties-cart-service-local.yaml,DEFAULT_GROUP'}, BootstrapPropertySource {name='bootstrapProperties-cart-service.yaml,DEFAULT_GROUP'}, BootstrapPropertySource {name='bootstrapProperties-cart-service,DEFAULT_GROUP'}, BootstrapPropertySource {name='bootstrapProperties-logs,DEFAULT_GROUP'}, BootstrapPropertySource {name='bootstrapProperties-swagger,DEFAULT_GROUP'}, BootstrapPropertySource {name='bootstrapProperties-shared.jdbc.yaml,DEFAULT_GROUP'}]
17:37:22:257  INFO 9108 --- [main] com.alibaba.nacos.common.remote.client   : [RpcClientFactory] create a new rpc client of e656c72e-c6a6-4e5a-a91e-358c827b4bf7_config-0
17:37:22:285  INFO 9108 --- [main] org.reflections.Reflections              : Reflections took 15 ms to scan 1 urls, producing 3 keys and 6 values 
17:37:22:300  INFO 9108 --- [main] org.reflections.Reflections              : Reflections took 8 ms to scan 1 urls, producing 4 keys and 9 values 
17:37:22:305  INFO 9108 --- [main] org.reflections.Reflections              : Reflections took 4 ms to scan 1 urls, producing 3 keys and 10 values 
17:37:22:306  WARN 9108 --- [main] org.reflections.Reflections              : given scan urls are empty. set urls in the configuration
17:37:22:310  INFO 9108 --- [main] org.reflections.Reflections              : Reflections took 3 ms to scan 1 urls, producing 1 keys and 5 values 
17:37:22:315  INFO 9108 --- [main] org.reflections.Reflections              : Reflections took 4 ms to scan 1 urls, producing 1 keys and 7 values 
17:37:22:323  INFO 9108 --- [main] org.reflections.Reflections              : Reflections took 7 ms to scan 1 urls, producing 2 keys and 8 values 
17:37:22:324  WARN 9108 --- [main] org.reflections.Reflections              : given scan urls are empty. set urls in the configuration
17:37:22:324  INFO 9108 --- [main] com.alibaba.nacos.common.remote.client   : [e656c72e-c6a6-4e5a-a91e-358c827b4bf7_config-0] RpcClient init label, labels = {module=config, Vipserver-Tag=null, source=sdk, Amory-Tag=null, Location-Tag=null, taskId=0, AppName=unknown}
17:37:22:325  INFO 9108 --- [main] com.alibaba.nacos.common.remote.client   : [e656c72e-c6a6-4e5a-a91e-358c827b4bf7_config-0] Register server push request handler:com.alibaba.nacos.client.config.impl.ClientWorker$ConfigRpcTransportClient$$Lambda$471/0x0000018b293749a0
17:37:22:325  INFO 9108 --- [main] com.alibaba.nacos.common.remote.client   : [e656c72e-c6a6-4e5a-a91e-358c827b4bf7_config-0] Register server push request handler:com.alibaba.nacos.client.config.impl.ClientWorker$ConfigRpcTransportClient$$Lambda$472/0x0000018b29374bc0
17:37:22:325  INFO 9108 --- [main] com.alibaba.nacos.common.remote.client   : [e656c72e-c6a6-4e5a-a91e-358c827b4bf7_config-0] Registry connection listener to current client:com.alibaba.nacos.client.config.impl.ClientWorker$ConfigRpcTransportClient$1
17:37:22:325  INFO 9108 --- [main] com.alibaba.nacos.common.remote.client   : [e656c72e-c6a6-4e5a-a91e-358c827b4bf7_config-0] RpcClient init, ServerListFactory = com.alibaba.nacos.client.config.impl.ClientWorker$ConfigRpcTransportClient$2
17:37:22:330  INFO 9108 --- [main] com.alibaba.nacos.common.remote.client   : [e656c72e-c6a6-4e5a-a91e-358c827b4bf7_config-0] Try to connect to server on start up, server: {serverIp = '192.168.153.128', server main port = 8848}
17:37:22:876  INFO 9108 --- [main] com.alibaba.nacos.common.remote.client   : [e656c72e-c6a6-4e5a-a91e-358c827b4bf7_config-0] Success to connect to server [192.168.153.128:8848] on start up, connectionId = 1731620594420_192.168.153.1_51202
17:37:22:877  INFO 9108 --- [com.alibaba.nacos.client.remote.worker] com.alibaba.nacos.common.remote.client   : [e656c72e-c6a6-4e5a-a91e-358c827b4bf7_config-0] Notify connected event to listeners.
17:37:22:877  INFO 9108 --- [main] com.alibaba.nacos.common.remote.client   : [e656c72e-c6a6-4e5a-a91e-358c827b4bf7_config-0] Register server push request handler:com.alibaba.nacos.common.remote.client.RpcClient$ConnectResetRequestHandler
17:37:22:877  INFO 9108 --- [main] com.alibaba.nacos.common.remote.client   : [e656c72e-c6a6-4e5a-a91e-358c827b4bf7_config-0] Register server push request handler:com.alibaba.nacos.common.remote.client.RpcClient$$Lambda$486/0x0000018b294ecb18
17:37:22:908  WARN 9108 --- [main] c.a.c.n.c.NacosPropertySourceBuilder     : Ignore the empty nacos configuration and get it based on dataId[shared.jdbc.yaml] & group[DEFAULT_GROUP]
17:37:22:940  WARN 9108 --- [main] c.a.c.n.c.NacosPropertySourceBuilder     : Ignore the empty nacos configuration and get it based on dataId[cart-service] & group[DEFAULT_GROUP]
17:37:22:944  WARN 9108 --- [main] c.a.c.n.c.NacosPropertySourceBuilder     : Ignore the empty nacos configuration and get it based on dataId[cart-service.yaml] & group[DEFAULT_GROUP]
17:37:22:948  WARN 9108 --- [main] c.a.c.n.c.NacosPropertySourceBuilder     : Ignore the empty nacos configuration and get it based on dataId[cart-service-local.yaml] & group[DEFAULT_GROUP]
17:37:22:948  INFO 9108 --- [main] b.c.PropertySourceBootstrapConfiguration : Located property source: [BootstrapPropertySource {name='bootstrapProperties-cart-service-local.yaml,DEFAULT_GROUP'}, BootstrapPropertySource {name='bootstrapProperties-cart-service.yaml,DEFAULT_GROUP'}, BootstrapPropertySource {name='bootstrapProperties-cart-service,DEFAULT_GROUP'}, BootstrapPropertySource {name='bootstrapProperties-logs,DEFAULT_GROUP'}, BootstrapPropertySource {name='bootstrapProperties-swagger,DEFAULT_GROUP'}, BootstrapPropertySource {name='bootstrapProperties-shared.jdbc.yaml,DEFAULT_GROUP'}]
