10:09:42:552  INFO 18988 --- [main] com.hmall.trade.TradeApplication         : Starting TradeApplication using Java 17.0.11 on LAPTOP-FUHMSPG5 with PID 18988 (E:\BaiduNetdiskDownload\cloud\day03\资料\hmall\hm-trade\target\classes started by liujunjie in E:\BaiduNetdiskDownload\cloud\day03\资料\hmall)
10:09:42:556 DEBUG 18988 --- [main] com.hmall.trade.TradeApplication         : Running with Spring Boot v2.7.12, Spring v5.3.27
10:09:42:557  INFO 18988 --- [main] com.hmall.trade.TradeApplication         : The following 1 profile is active: "local"
10:09:43:265  INFO 18988 --- [main] .s.d.r.c.RepositoryConfigurationDelegate : Multiple Spring Data modules found, entering strict repository configuration mode
10:09:43:267  INFO 18988 --- [main] .s.d.r.c.RepositoryConfigurationDelegate : Bootstrapping Spring Data Redis repositories in DEFAULT mode.
10:09:43:285  INFO 18988 --- [main] .s.d.r.c.RepositoryConfigurationDelegate : Finished Spring Data repository scanning in 8 ms. Found 0 Redis repository interfaces.
10:09:43:469  INFO 18988 --- [main] o.s.cloud.context.scope.GenericScope     : BeanFactory id=b3ad7ade-c9f5-3150-ae5f-9f51aadec820
10:09:43:774  INFO 18988 --- [main] o.s.b.w.embedded.tomcat.TomcatWebServer  : Tomcat initialized with port(s): 8085 (http)
10:09:43:782  INFO 18988 --- [main] o.apache.catalina.core.StandardService   : Starting service [Tomcat]
10:09:43:782  INFO 18988 --- [main] org.apache.catalina.core.StandardEngine  : Starting Servlet engine: [Apache Tomcat/9.0.75]
10:09:43:882  INFO 18988 --- [main] o.a.c.c.C.[Tomcat].[localhost].[/]       : Initializing Spring embedded WebApplicationContext
10:09:43:882  INFO 18988 --- [main] w.s.c.ServletWebServerApplicationContext : Root WebApplicationContext: initialization completed in 1277 ms
10:09:44:027  INFO 18988 --- [main] o.s.c.openfeign.FeignClientFactoryBean   : For 'item-service' URL not provided. Will try picking an instance via load-balancing.
10:09:44:453  INFO 18988 --- [main] o.s.c.openfeign.FeignClientFactoryBean   : For 'cart-service' URL not provided. Will try picking an instance via load-balancing.
10:09:44:958  INFO 18988 --- [main] pertySourcedRequestMappingHandlerMapping : Mapped URL path [/v2/api-docs] onto method [springfox.documentation.swagger2.web.Swagger2ControllerWebMvc#getDocumentation(String, HttpServletRequest)]
10:09:45:474  INFO 18988 --- [main] com.alibaba.nacos.common.remote.client   : [RpcClientFactory] create a new rpc client of 6b0e759a-ed08-42fc-bf96-abf36c97c079
10:09:45:518  INFO 18988 --- [main] org.reflections.Reflections              : Reflections took 20 ms to scan 1 urls, producing 3 keys and 6 values 
10:09:45:535  INFO 18988 --- [main] org.reflections.Reflections              : Reflections took 8 ms to scan 1 urls, producing 4 keys and 9 values 
10:09:45:544  INFO 18988 --- [main] org.reflections.Reflections              : Reflections took 6 ms to scan 1 urls, producing 3 keys and 10 values 
10:09:45:545  WARN 18988 --- [main] org.reflections.Reflections              : given scan urls are empty. set urls in the configuration
10:09:45:552  INFO 18988 --- [main] org.reflections.Reflections              : Reflections took 7 ms to scan 1 urls, producing 1 keys and 5 values 
10:09:45:560  INFO 18988 --- [main] org.reflections.Reflections              : Reflections took 7 ms to scan 1 urls, producing 1 keys and 7 values 
10:09:45:567  INFO 18988 --- [main] org.reflections.Reflections              : Reflections took 6 ms to scan 1 urls, producing 2 keys and 8 values 
10:09:45:569  WARN 18988 --- [main] org.reflections.Reflections              : given scan urls are empty. set urls in the configuration
10:09:45:569  INFO 18988 --- [main] com.alibaba.nacos.common.remote.client   : [6b0e759a-ed08-42fc-bf96-abf36c97c079] RpcClient init label, labels = {module=naming, source=sdk}
10:09:45:571  INFO 18988 --- [main] com.alibaba.nacos.common.remote.client   : [6b0e759a-ed08-42fc-bf96-abf36c97c079] RpcClient init, ServerListFactory = com.alibaba.nacos.client.naming.core.ServerListManager
10:09:45:571  INFO 18988 --- [main] com.alibaba.nacos.common.remote.client   : [6b0e759a-ed08-42fc-bf96-abf36c97c079] Registry connection listener to current client:com.alibaba.nacos.client.naming.remote.gprc.redo.NamingGrpcRedoService
10:09:45:571  INFO 18988 --- [main] com.alibaba.nacos.common.remote.client   : [6b0e759a-ed08-42fc-bf96-abf36c97c079] Register server push request handler:com.alibaba.nacos.client.naming.remote.gprc.NamingPushRequestHandler
10:09:45:572  INFO 18988 --- [main] com.alibaba.nacos.common.remote.client   : [6b0e759a-ed08-42fc-bf96-abf36c97c079] Try to connect to server on start up, server: {serverIp = '192.168.153.128', server main port = 8848}
10:09:46:399  INFO 18988 --- [main] com.alibaba.nacos.common.remote.client   : [6b0e759a-ed08-42fc-bf96-abf36c97c079] Success to connect to server [192.168.153.128:8848] on start up, connectionId = 1731629410651_192.168.153.1_61921
10:09:46:399  INFO 18988 --- [com.alibaba.nacos.client.remote.worker] com.alibaba.nacos.common.remote.client   : [6b0e759a-ed08-42fc-bf96-abf36c97c079] Notify connected event to listeners.
10:09:46:400  INFO 18988 --- [main] com.alibaba.nacos.common.remote.client   : [6b0e759a-ed08-42fc-bf96-abf36c97c079] Register server push request handler:com.alibaba.nacos.common.remote.client.RpcClient$ConnectResetRequestHandler
10:09:46:400  INFO 18988 --- [main] com.alibaba.nacos.common.remote.client   : [6b0e759a-ed08-42fc-bf96-abf36c97c079] Register server push request handler:com.alibaba.nacos.common.remote.client.RpcClient$$Lambda$1131/0x000001c5288972e8
10:09:46:448  INFO 18988 --- [main] o.s.b.w.embedded.tomcat.TomcatWebServer  : Tomcat started on port(s): 8085 (http) with context path ''
10:09:46:461  INFO 18988 --- [main] c.a.c.n.registry.NacosServiceRegistry    : nacos registry, DEFAULT_GROUP trade-service 172.23.184.53:8085 register finished
10:09:46:598  INFO 18988 --- [main] d.s.w.p.DocumentationPluginsBootstrapper : Documentation plugins bootstrapped
10:09:46:601  INFO 18988 --- [main] d.s.w.p.DocumentationPluginsBootstrapper : Found 1 custom documentation plugin(s)
10:09:46:617  INFO 18988 --- [main] s.d.s.w.s.ApiListingReferenceScanner     : Scanning for api listing references
10:09:46:681  INFO 18988 --- [main] com.hmall.trade.TradeApplication         : Started TradeApplication in 4.662 seconds (JVM running for 5.109)
10:09:46:905  INFO 18988 --- [nacos-grpc-client-executor-10] com.alibaba.nacos.common.remote.client   : [6b0e759a-ed08-42fc-bf96-abf36c97c079] Receive server push request, request = NotifySubscriberRequest, requestId = 160
10:09:46:907  INFO 18988 --- [nacos-grpc-client-executor-10] com.alibaba.nacos.common.remote.client   : [6b0e759a-ed08-42fc-bf96-abf36c97c079] Ack server push request, request = NotifySubscriberRequest, requestId = 160
10:29:08:214  WARN 18988 --- [Thread-4] c.a.nacos.common.notify.NotifyCenter     : [NotifyCenter] Start destroying Publisher
10:29:08:214  WARN 18988 --- [Thread-7] c.a.n.common.http.HttpClientBeanHolder   : [HttpClientBeanHolder] Start destroying common HttpClient
10:29:08:217  WARN 18988 --- [Thread-4] c.a.nacos.common.notify.NotifyCenter     : [NotifyCenter] Destruction of the end
10:29:08:217  WARN 18988 --- [Thread-7] c.a.n.common.http.HttpClientBeanHolder   : [HttpClientBeanHolder] Destruction of the end
10:29:08:290  INFO 18988 --- [SpringApplicationShutdownHook] c.a.c.n.registry.NacosServiceRegistry    : De-registering from Nacos Server now...
10:29:08:298  INFO 18988 --- [SpringApplicationShutdownHook] c.a.c.n.registry.NacosServiceRegistry    : De-registration finished.
10:29:08:619  INFO 18988 --- [SpringApplicationShutdownHook] com.alibaba.nacos.common.remote.client   : Shutdown rpc client, set status to shutdown
10:29:08:619  INFO 18988 --- [SpringApplicationShutdownHook] com.alibaba.nacos.common.remote.client   : Shutdown client event executor java.util.concurrent.ScheduledThreadPoolExecutor@598f3faf[Running, pool size = 2, active threads = 2, queued tasks = 0, completed tasks = 0]
10:29:08:619  INFO 18988 --- [SpringApplicationShutdownHook] com.alibaba.nacos.common.remote.client   : Close current connection 1731629410651_192.168.153.1_61921
10:29:08:621  INFO 18988 --- [SpringApplicationShutdownHook] c.a.n.c.remote.client.grpc.GrpcClient    : Shutdown grpc executor java.util.concurrent.ThreadPoolExecutor@4e9ee19e[Running, pool size = 3, active threads = 0, queued tasks = 0, completed tasks = 253]
14:45:24:881  INFO 5612 --- [main] com.hmall.trade.TradeApplication         : Starting TradeApplication using Java 17.0.11 on LAPTOP-FUHMSPG5 with PID 5612 (E:\BaiduNetdiskDownload\cloud\day03\资料\hmall\hm-trade\target\classes started by liujunjie in E:\BaiduNetdiskDownload\cloud\day03\资料\hmall)
14:45:24:883 DEBUG 5612 --- [main] com.hmall.trade.TradeApplication         : Running with Spring Boot v2.7.12, Spring v5.3.27
14:45:24:883  INFO 5612 --- [main] com.hmall.trade.TradeApplication         : The following 1 profile is active: "local"
14:45:25:433  INFO 5612 --- [main] .s.d.r.c.RepositoryConfigurationDelegate : Multiple Spring Data modules found, entering strict repository configuration mode
14:45:25:439  INFO 5612 --- [main] .s.d.r.c.RepositoryConfigurationDelegate : Bootstrapping Spring Data Redis repositories in DEFAULT mode.
14:45:25:454  INFO 5612 --- [main] .s.d.r.c.RepositoryConfigurationDelegate : Finished Spring Data repository scanning in 6 ms. Found 0 Redis repository interfaces.
14:45:25:590  INFO 5612 --- [main] o.s.cloud.context.scope.GenericScope     : BeanFactory id=b3ad7ade-c9f5-3150-ae5f-9f51aadec820
14:45:25:881  INFO 5612 --- [main] o.s.b.w.embedded.tomcat.TomcatWebServer  : Tomcat initialized with port(s): 8085 (http)
14:45:25:888  INFO 5612 --- [main] o.apache.catalina.core.StandardService   : Starting service [Tomcat]
14:45:25:888  INFO 5612 --- [main] org.apache.catalina.core.StandardEngine  : Starting Servlet engine: [Apache Tomcat/9.0.75]
14:45:25:975  INFO 5612 --- [main] o.a.c.c.C.[Tomcat].[localhost].[/]       : Initializing Spring embedded WebApplicationContext
14:45:25:975  INFO 5612 --- [main] w.s.c.ServletWebServerApplicationContext : Root WebApplicationContext: initialization completed in 1051 ms
14:45:26:106  INFO 5612 --- [main] o.s.c.openfeign.FeignClientFactoryBean   : For 'item-service' URL not provided. Will try picking an instance via load-balancing.
14:45:26:494  INFO 5612 --- [main] o.s.c.openfeign.FeignClientFactoryBean   : For 'cart-service' URL not provided. Will try picking an instance via load-balancing.
14:45:26:884  INFO 5612 --- [main] pertySourcedRequestMappingHandlerMapping : Mapped URL path [/v2/api-docs] onto method [springfox.documentation.swagger2.web.Swagger2ControllerWebMvc#getDocumentation(String, HttpServletRequest)]
14:45:27:281  INFO 5612 --- [main] com.alibaba.nacos.common.remote.client   : [RpcClientFactory] create a new rpc client of 47420d13-bdf4-4916-abbd-c70d47d42c5c
14:45:27:312  INFO 5612 --- [main] org.reflections.Reflections              : Reflections took 16 ms to scan 1 urls, producing 3 keys and 6 values 
14:45:27:324  INFO 5612 --- [main] org.reflections.Reflections              : Reflections took 4 ms to scan 1 urls, producing 4 keys and 9 values 
14:45:27:332  INFO 5612 --- [main] org.reflections.Reflections              : Reflections took 6 ms to scan 1 urls, producing 3 keys and 10 values 
14:45:27:333  WARN 5612 --- [main] org.reflections.Reflections              : given scan urls are empty. set urls in the configuration
14:45:27:338  INFO 5612 --- [main] org.reflections.Reflections              : Reflections took 4 ms to scan 1 urls, producing 1 keys and 5 values 
14:45:27:345  INFO 5612 --- [main] org.reflections.Reflections              : Reflections took 6 ms to scan 1 urls, producing 1 keys and 7 values 
14:45:27:350  INFO 5612 --- [main] org.reflections.Reflections              : Reflections took 4 ms to scan 1 urls, producing 2 keys and 8 values 
14:45:27:351  WARN 5612 --- [main] org.reflections.Reflections              : given scan urls are empty. set urls in the configuration
14:45:27:352  INFO 5612 --- [main] com.alibaba.nacos.common.remote.client   : [47420d13-bdf4-4916-abbd-c70d47d42c5c] RpcClient init label, labels = {module=naming, source=sdk}
14:45:27:353  INFO 5612 --- [main] com.alibaba.nacos.common.remote.client   : [47420d13-bdf4-4916-abbd-c70d47d42c5c] RpcClient init, ServerListFactory = com.alibaba.nacos.client.naming.core.ServerListManager
14:45:27:353  INFO 5612 --- [main] com.alibaba.nacos.common.remote.client   : [47420d13-bdf4-4916-abbd-c70d47d42c5c] Registry connection listener to current client:com.alibaba.nacos.client.naming.remote.gprc.redo.NamingGrpcRedoService
14:45:27:353  INFO 5612 --- [main] com.alibaba.nacos.common.remote.client   : [47420d13-bdf4-4916-abbd-c70d47d42c5c] Register server push request handler:com.alibaba.nacos.client.naming.remote.gprc.NamingPushRequestHandler
14:45:27:354  INFO 5612 --- [main] com.alibaba.nacos.common.remote.client   : [47420d13-bdf4-4916-abbd-c70d47d42c5c] Try to connect to server on start up, server: {serverIp = '192.168.153.128', server main port = 8848}
14:45:27:936  INFO 5612 --- [main] com.alibaba.nacos.common.remote.client   : [47420d13-bdf4-4916-abbd-c70d47d42c5c] Success to connect to server [192.168.153.128:8848] on start up, connectionId = 1731642096551_192.168.153.1_50669
14:45:27:936  INFO 5612 --- [com.alibaba.nacos.client.remote.worker] com.alibaba.nacos.common.remote.client   : [47420d13-bdf4-4916-abbd-c70d47d42c5c] Notify connected event to listeners.
14:45:27:936  INFO 5612 --- [main] com.alibaba.nacos.common.remote.client   : [47420d13-bdf4-4916-abbd-c70d47d42c5c] Register server push request handler:com.alibaba.nacos.common.remote.client.RpcClient$ConnectResetRequestHandler
14:45:27:936  INFO 5612 --- [main] com.alibaba.nacos.common.remote.client   : [47420d13-bdf4-4916-abbd-c70d47d42c5c] Register server push request handler:com.alibaba.nacos.common.remote.client.RpcClient$$Lambda$1131/0x000001dc01898ff0
14:45:27:969  INFO 5612 --- [main] o.s.b.w.embedded.tomcat.TomcatWebServer  : Tomcat started on port(s): 8085 (http) with context path ''
14:45:27:980  INFO 5612 --- [main] c.a.c.n.registry.NacosServiceRegistry    : nacos registry, DEFAULT_GROUP trade-service 172.23.184.53:8085 register finished
14:45:28:073  INFO 5612 --- [main] d.s.w.p.DocumentationPluginsBootstrapper : Documentation plugins bootstrapped
14:45:28:074  INFO 5612 --- [main] d.s.w.p.DocumentationPluginsBootstrapper : Found 1 custom documentation plugin(s)
14:45:28:088  INFO 5612 --- [main] s.d.s.w.s.ApiListingReferenceScanner     : Scanning for api listing references
14:45:28:148  INFO 5612 --- [main] com.hmall.trade.TradeApplication         : Started TradeApplication in 3.727 seconds (JVM running for 4.09)
14:45:28:500  INFO 5612 --- [nacos-grpc-client-executor-8] com.alibaba.nacos.common.remote.client   : [47420d13-bdf4-4916-abbd-c70d47d42c5c] Receive server push request, request = NotifySubscriberRequest, requestId = 210
14:45:28:504  INFO 5612 --- [nacos-grpc-client-executor-8] com.alibaba.nacos.common.remote.client   : [47420d13-bdf4-4916-abbd-c70d47d42c5c] Ack server push request, request = NotifySubscriberRequest, requestId = 210
14:53:21:786  WARN 5612 --- [Thread-4] c.a.nacos.common.notify.NotifyCenter     : [NotifyCenter] Start destroying Publisher
14:53:21:786  WARN 5612 --- [Thread-7] c.a.n.common.http.HttpClientBeanHolder   : [HttpClientBeanHolder] Start destroying common HttpClient
14:53:21:786  WARN 5612 --- [Thread-4] c.a.nacos.common.notify.NotifyCenter     : [NotifyCenter] Destruction of the end
14:53:21:787  WARN 5612 --- [Thread-7] c.a.n.common.http.HttpClientBeanHolder   : [HttpClientBeanHolder] Destruction of the end
14:53:21:824  INFO 5612 --- [SpringApplicationShutdownHook] c.a.c.n.registry.NacosServiceRegistry    : De-registering from Nacos Server now...
14:53:21:833  INFO 5612 --- [SpringApplicationShutdownHook] c.a.c.n.registry.NacosServiceRegistry    : De-registration finished.
14:53:22:158  INFO 5612 --- [SpringApplicationShutdownHook] com.alibaba.nacos.common.remote.client   : Shutdown rpc client, set status to shutdown
14:53:22:159  INFO 5612 --- [SpringApplicationShutdownHook] com.alibaba.nacos.common.remote.client   : Shutdown client event executor java.util.concurrent.ScheduledThreadPoolExecutor@42fdb5f8[Running, pool size = 2, active threads = 2, queued tasks = 0, completed tasks = 0]
14:53:22:159  INFO 5612 --- [SpringApplicationShutdownHook] com.alibaba.nacos.common.remote.client   : Close current connection 1731642096551_192.168.153.1_50669
14:53:22:161  INFO 5612 --- [SpringApplicationShutdownHook] c.a.n.c.remote.client.grpc.GrpcClient    : Shutdown grpc executor java.util.concurrent.ThreadPoolExecutor@699b27a6[Running, pool size = 4, active threads = 0, queued tasks = 0, completed tasks = 112]
15:27:35:617  INFO 16780 --- [main] com.hmall.trade.TradeApplication         : Starting TradeApplication using Java 17.0.11 on LAPTOP-FUHMSPG5 with PID 16780 (E:\BaiduNetdiskDownload\cloud\day03\资料\hmall\hm-trade\target\classes started by liujunjie in E:\BaiduNetdiskDownload\cloud\day03\资料\hmall)
15:27:35:619 DEBUG 16780 --- [main] com.hmall.trade.TradeApplication         : Running with Spring Boot v2.7.12, Spring v5.3.27
15:27:35:619  INFO 16780 --- [main] com.hmall.trade.TradeApplication         : The following 1 profile is active: "local"
15:27:36:169  INFO 16780 --- [main] .s.d.r.c.RepositoryConfigurationDelegate : Multiple Spring Data modules found, entering strict repository configuration mode
15:27:36:170  INFO 16780 --- [main] .s.d.r.c.RepositoryConfigurationDelegate : Bootstrapping Spring Data Redis repositories in DEFAULT mode.
15:27:36:183  INFO 16780 --- [main] .s.d.r.c.RepositoryConfigurationDelegate : Finished Spring Data repository scanning in 4 ms. Found 0 Redis repository interfaces.
15:27:36:311  INFO 16780 --- [main] o.s.cloud.context.scope.GenericScope     : BeanFactory id=b3ad7ade-c9f5-3150-ae5f-9f51aadec820
15:27:36:569  INFO 16780 --- [main] o.s.b.w.embedded.tomcat.TomcatWebServer  : Tomcat initialized with port(s): 8085 (http)
15:27:36:576  INFO 16780 --- [main] o.apache.catalina.core.StandardService   : Starting service [Tomcat]
15:27:36:576  INFO 16780 --- [main] org.apache.catalina.core.StandardEngine  : Starting Servlet engine: [Apache Tomcat/9.0.75]
15:27:36:663  INFO 16780 --- [main] o.a.c.c.C.[Tomcat].[localhost].[/]       : Initializing Spring embedded WebApplicationContext
15:27:36:664  INFO 16780 --- [main] w.s.c.ServletWebServerApplicationContext : Root WebApplicationContext: initialization completed in 1011 ms
15:27:36:788  INFO 16780 --- [main] o.s.c.openfeign.FeignClientFactoryBean   : For 'item-service' URL not provided. Will try picking an instance via load-balancing.
15:27:37:176  INFO 16780 --- [main] o.s.c.openfeign.FeignClientFactoryBean   : For 'cart-service' URL not provided. Will try picking an instance via load-balancing.
15:27:37:622  INFO 16780 --- [main] pertySourcedRequestMappingHandlerMapping : Mapped URL path [/v2/api-docs] onto method [springfox.documentation.swagger2.web.Swagger2ControllerWebMvc#getDocumentation(String, HttpServletRequest)]
15:27:38:054  INFO 16780 --- [main] com.alibaba.nacos.common.remote.client   : [RpcClientFactory] create a new rpc client of 19b32820-6f3a-4f9a-97ef-42c02cb04156
15:27:38:090  INFO 16780 --- [main] org.reflections.Reflections              : Reflections took 18 ms to scan 1 urls, producing 3 keys and 6 values 
15:27:38:104  INFO 16780 --- [main] org.reflections.Reflections              : Reflections took 7 ms to scan 1 urls, producing 4 keys and 9 values 
15:27:38:110  INFO 16780 --- [main] org.reflections.Reflections              : Reflections took 5 ms to scan 1 urls, producing 3 keys and 10 values 
15:27:38:111  WARN 16780 --- [main] org.reflections.Reflections              : given scan urls are empty. set urls in the configuration
15:27:38:115  INFO 16780 --- [main] org.reflections.Reflections              : Reflections took 3 ms to scan 1 urls, producing 1 keys and 5 values 
15:27:38:123  INFO 16780 --- [main] org.reflections.Reflections              : Reflections took 7 ms to scan 1 urls, producing 1 keys and 7 values 
15:27:38:128  INFO 16780 --- [main] org.reflections.Reflections              : Reflections took 4 ms to scan 1 urls, producing 2 keys and 8 values 
15:27:38:129  WARN 16780 --- [main] org.reflections.Reflections              : given scan urls are empty. set urls in the configuration
15:27:38:130  INFO 16780 --- [main] com.alibaba.nacos.common.remote.client   : [19b32820-6f3a-4f9a-97ef-42c02cb04156] RpcClient init label, labels = {module=naming, source=sdk}
15:27:38:131  INFO 16780 --- [main] com.alibaba.nacos.common.remote.client   : [19b32820-6f3a-4f9a-97ef-42c02cb04156] RpcClient init, ServerListFactory = com.alibaba.nacos.client.naming.core.ServerListManager
15:27:38:131  INFO 16780 --- [main] com.alibaba.nacos.common.remote.client   : [19b32820-6f3a-4f9a-97ef-42c02cb04156] Registry connection listener to current client:com.alibaba.nacos.client.naming.remote.gprc.redo.NamingGrpcRedoService
15:27:38:131  INFO 16780 --- [main] com.alibaba.nacos.common.remote.client   : [19b32820-6f3a-4f9a-97ef-42c02cb04156] Register server push request handler:com.alibaba.nacos.client.naming.remote.gprc.NamingPushRequestHandler
15:27:38:132  INFO 16780 --- [main] com.alibaba.nacos.common.remote.client   : [19b32820-6f3a-4f9a-97ef-42c02cb04156] Try to connect to server on start up, server: {serverIp = '192.168.153.128', server main port = 8848}
15:27:38:726  INFO 16780 --- [main] com.alibaba.nacos.common.remote.client   : [19b32820-6f3a-4f9a-97ef-42c02cb04156] Success to connect to server [192.168.153.128:8848] on start up, connectionId = 1731644838268_192.168.153.1_52535
15:27:38:726  INFO 16780 --- [com.alibaba.nacos.client.remote.worker] com.alibaba.nacos.common.remote.client   : [19b32820-6f3a-4f9a-97ef-42c02cb04156] Notify connected event to listeners.
15:27:38:727  INFO 16780 --- [main] com.alibaba.nacos.common.remote.client   : [19b32820-6f3a-4f9a-97ef-42c02cb04156] Register server push request handler:com.alibaba.nacos.common.remote.client.RpcClient$ConnectResetRequestHandler
15:27:38:727  INFO 16780 --- [main] com.alibaba.nacos.common.remote.client   : [19b32820-6f3a-4f9a-97ef-42c02cb04156] Register server push request handler:com.alibaba.nacos.common.remote.client.RpcClient$$Lambda$1131/0x000002513189a710
15:27:38:760  INFO 16780 --- [main] o.s.b.w.embedded.tomcat.TomcatWebServer  : Tomcat started on port(s): 8085 (http) with context path ''
15:27:38:771  INFO 16780 --- [main] c.a.c.n.registry.NacosServiceRegistry    : nacos registry, DEFAULT_GROUP trade-service 172.23.184.53:8085 register finished
15:27:38:861  INFO 16780 --- [main] d.s.w.p.DocumentationPluginsBootstrapper : Documentation plugins bootstrapped
15:27:38:862  INFO 16780 --- [main] d.s.w.p.DocumentationPluginsBootstrapper : Found 1 custom documentation plugin(s)
15:27:38:877  INFO 16780 --- [main] s.d.s.w.s.ApiListingReferenceScanner     : Scanning for api listing references
15:27:38:932  INFO 16780 --- [main] com.hmall.trade.TradeApplication         : Started TradeApplication in 3.777 seconds (JVM running for 4.15)
15:27:39:216  INFO 16780 --- [nacos-grpc-client-executor-8] com.alibaba.nacos.common.remote.client   : [19b32820-6f3a-4f9a-97ef-42c02cb04156] Receive server push request, request = NotifySubscriberRequest, requestId = 222
15:27:39:218  INFO 16780 --- [nacos-grpc-client-executor-8] com.alibaba.nacos.common.remote.client   : [19b32820-6f3a-4f9a-97ef-42c02cb04156] Ack server push request, request = NotifySubscriberRequest, requestId = 222
18:52:11:306  WARN 16780 --- [Thread-4] c.a.nacos.common.notify.NotifyCenter     : [NotifyCenter] Start destroying Publisher
18:52:11:306  WARN 16780 --- [Thread-7] c.a.n.common.http.HttpClientBeanHolder   : [HttpClientBeanHolder] Start destroying common HttpClient
18:52:11:337  WARN 16780 --- [Thread-4] c.a.nacos.common.notify.NotifyCenter     : [NotifyCenter] Destruction of the end
18:52:11:346  WARN 16780 --- [Thread-7] c.a.n.common.http.HttpClientBeanHolder   : [HttpClientBeanHolder] Destruction of the end
18:52:11:530  INFO 16780 --- [SpringApplicationShutdownHook] c.a.c.n.registry.NacosServiceRegistry    : De-registering from Nacos Server now...
18:52:11:541  INFO 16780 --- [SpringApplicationShutdownHook] c.a.c.n.registry.NacosServiceRegistry    : De-registration finished.
18:52:11:872  INFO 16780 --- [SpringApplicationShutdownHook] com.alibaba.nacos.common.remote.client   : Shutdown rpc client, set status to shutdown
18:52:11:873  INFO 16780 --- [SpringApplicationShutdownHook] com.alibaba.nacos.common.remote.client   : Shutdown client event executor java.util.concurrent.ScheduledThreadPoolExecutor@5b3ceac6[Running, pool size = 2, active threads = 2, queued tasks = 0, completed tasks = 0]
18:52:11:873  INFO 16780 --- [SpringApplicationShutdownHook] com.alibaba.nacos.common.remote.client   : Close current connection 1731644838268_192.168.153.1_52535
18:52:11:884  INFO 16780 --- [nacos-grpc-client-executor-2580] c.a.n.c.remote.client.grpc.GrpcClient    : [1731644838268_192.168.153.1_52535]Ignore complete event,isRunning:false,isAbandon=false
18:52:11:886  INFO 16780 --- [SpringApplicationShutdownHook] c.a.n.c.remote.client.grpc.GrpcClient    : Shutdown grpc executor java.util.concurrent.ThreadPoolExecutor@15d200b9[Running, pool size = 5, active threads = 0, queued tasks = 0, completed tasks = 2581]
