10:09:32:661  INFO 15428 --- [main] com.hmall.item.ItemApplication           : Starting ItemApplication using Java 17.0.11 on LAPTOP-FUHMSPG5 with PID 15428 (E:\BaiduNetdiskDownload\cloud\day03\资料\hmall\item-service\target\classes started by liujunjie in E:\BaiduNetdiskDownload\cloud\day03\资料\hmall)
10:09:32:666 DEBUG 15428 --- [main] com.hmall.item.ItemApplication           : Running with Spring Boot v2.7.12, Spring v5.3.27
10:09:32:667  INFO 15428 --- [main] com.hmall.item.ItemApplication           : The following 1 profile is active: "local"
10:09:33:214  INFO 15428 --- [main] .s.d.r.c.RepositoryConfigurationDelegate : Multiple Spring Data modules found, entering strict repository configuration mode
10:09:33:216  INFO 15428 --- [main] .s.d.r.c.RepositoryConfigurationDelegate : Bootstrapping Spring Data Redis repositories in DEFAULT mode.
10:09:33:228  INFO 15428 --- [main] .s.d.r.c.RepositoryConfigurationDelegate : Finished Spring Data repository scanning in 4 ms. Found 0 Redis repository interfaces.
10:09:33:371  INFO 15428 --- [main] o.s.cloud.context.scope.GenericScope     : BeanFactory id=e9c9c831-02ad-3379-9802-b53dd58343f1
10:09:33:664  INFO 15428 --- [main] o.s.b.w.embedded.tomcat.TomcatWebServer  : Tomcat initialized with port(s): 8081 (http)
10:09:33:672  INFO 15428 --- [main] o.apache.catalina.core.StandardService   : Starting service [Tomcat]
10:09:33:672  INFO 15428 --- [main] org.apache.catalina.core.StandardEngine  : Starting Servlet engine: [Apache Tomcat/9.0.75]
10:09:33:762  INFO 15428 --- [main] o.a.c.c.C.[Tomcat].[localhost].[/]       : Initializing Spring embedded WebApplicationContext
10:09:33:763  INFO 15428 --- [main] w.s.c.ServletWebServerApplicationContext : Root WebApplicationContext: initialization completed in 1055 ms
10:09:34:280  INFO 20640 --- [main] com.hmall.item.ItemApplication           : Starting ItemApplication using Java 17.0.11 on LAPTOP-FUHMSPG5 with PID 20640 (E:\BaiduNetdiskDownload\cloud\day03\资料\hmall\item-service\target\classes started by liujunjie in E:\BaiduNetdiskDownload\cloud\day03\资料\hmall)
10:09:34:282 DEBUG 20640 --- [main] com.hmall.item.ItemApplication           : Running with Spring Boot v2.7.12, Spring v5.3.27
10:09:34:282  INFO 20640 --- [main] com.hmall.item.ItemApplication           : The following 1 profile is active: "local"
10:09:34:635  INFO 15428 --- [main] pertySourcedRequestMappingHandlerMapping : Mapped URL path [/v2/api-docs] onto method [springfox.documentation.swagger2.web.Swagger2ControllerWebMvc#getDocumentation(String, HttpServletRequest)]
10:09:34:824  INFO 20640 --- [main] .s.d.r.c.RepositoryConfigurationDelegate : Multiple Spring Data modules found, entering strict repository configuration mode
10:09:34:825  INFO 20640 --- [main] .s.d.r.c.RepositoryConfigurationDelegate : Bootstrapping Spring Data Redis repositories in DEFAULT mode.
10:09:34:837  INFO 20640 --- [main] .s.d.r.c.RepositoryConfigurationDelegate : Finished Spring Data repository scanning in 4 ms. Found 0 Redis repository interfaces.
10:09:34:983  INFO 20640 --- [main] o.s.cloud.context.scope.GenericScope     : BeanFactory id=e9c9c831-02ad-3379-9802-b53dd58343f1
10:09:35:134  INFO 15428 --- [main] com.alibaba.nacos.common.remote.client   : [RpcClientFactory] create a new rpc client of 790f6cee-c03a-4774-9d3e-cdffba76e4c1
10:09:35:170  INFO 15428 --- [main] org.reflections.Reflections              : Reflections took 19 ms to scan 1 urls, producing 3 keys and 6 values 
10:09:35:184  INFO 15428 --- [main] org.reflections.Reflections              : Reflections took 7 ms to scan 1 urls, producing 4 keys and 9 values 
10:09:35:190  INFO 15428 --- [main] org.reflections.Reflections              : Reflections took 5 ms to scan 1 urls, producing 3 keys and 10 values 
10:09:35:192  WARN 15428 --- [main] org.reflections.Reflections              : given scan urls are empty. set urls in the configuration
10:09:35:197  INFO 15428 --- [main] org.reflections.Reflections              : Reflections took 4 ms to scan 1 urls, producing 1 keys and 5 values 
10:09:35:202  INFO 15428 --- [main] org.reflections.Reflections              : Reflections took 4 ms to scan 1 urls, producing 1 keys and 7 values 
10:09:35:208  INFO 15428 --- [main] org.reflections.Reflections              : Reflections took 5 ms to scan 1 urls, producing 2 keys and 8 values 
10:09:35:209  WARN 15428 --- [main] org.reflections.Reflections              : given scan urls are empty. set urls in the configuration
10:09:35:210  INFO 15428 --- [main] com.alibaba.nacos.common.remote.client   : [790f6cee-c03a-4774-9d3e-cdffba76e4c1] RpcClient init label, labels = {module=naming, source=sdk}
10:09:35:210  INFO 15428 --- [main] com.alibaba.nacos.common.remote.client   : [790f6cee-c03a-4774-9d3e-cdffba76e4c1] RpcClient init, ServerListFactory = com.alibaba.nacos.client.naming.core.ServerListManager
10:09:35:211  INFO 15428 --- [main] com.alibaba.nacos.common.remote.client   : [790f6cee-c03a-4774-9d3e-cdffba76e4c1] Registry connection listener to current client:com.alibaba.nacos.client.naming.remote.gprc.redo.NamingGrpcRedoService
10:09:35:211  INFO 15428 --- [main] com.alibaba.nacos.common.remote.client   : [790f6cee-c03a-4774-9d3e-cdffba76e4c1] Register server push request handler:com.alibaba.nacos.client.naming.remote.gprc.NamingPushRequestHandler
10:09:35:212  INFO 15428 --- [main] com.alibaba.nacos.common.remote.client   : [790f6cee-c03a-4774-9d3e-cdffba76e4c1] Try to connect to server on start up, server: {serverIp = '192.168.153.128', server main port = 8848}
10:09:35:275  INFO 20640 --- [main] o.s.b.w.embedded.tomcat.TomcatWebServer  : Tomcat initialized with port(s): 8083 (http)
10:09:35:280  INFO 20640 --- [main] o.apache.catalina.core.StandardService   : Starting service [Tomcat]
10:09:35:281  INFO 20640 --- [main] org.apache.catalina.core.StandardEngine  : Starting Servlet engine: [Apache Tomcat/9.0.75]
10:09:35:365  INFO 20640 --- [main] o.a.c.c.C.[Tomcat].[localhost].[/]       : Initializing Spring embedded WebApplicationContext
10:09:35:366  INFO 20640 --- [main] w.s.c.ServletWebServerApplicationContext : Root WebApplicationContext: initialization completed in 1046 ms
10:09:35:999  INFO 15428 --- [main] com.alibaba.nacos.common.remote.client   : [790f6cee-c03a-4774-9d3e-cdffba76e4c1] Success to connect to server [192.168.153.128:8848] on start up, connectionId = 1731629399392_192.168.153.1_61884
10:09:35:999  INFO 15428 --- [com.alibaba.nacos.client.remote.worker] com.alibaba.nacos.common.remote.client   : [790f6cee-c03a-4774-9d3e-cdffba76e4c1] Notify connected event to listeners.
10:09:35:999  INFO 15428 --- [main] com.alibaba.nacos.common.remote.client   : [790f6cee-c03a-4774-9d3e-cdffba76e4c1] Register server push request handler:com.alibaba.nacos.common.remote.client.RpcClient$ConnectResetRequestHandler
10:09:36:000  INFO 15428 --- [main] com.alibaba.nacos.common.remote.client   : [790f6cee-c03a-4774-9d3e-cdffba76e4c1] Register server push request handler:com.alibaba.nacos.common.remote.client.RpcClient$$Lambda$1092/0x0000018a01859ed8
10:09:36:043  INFO 15428 --- [main] o.s.b.w.embedded.tomcat.TomcatWebServer  : Tomcat started on port(s): 8081 (http) with context path ''
10:09:36:056  INFO 15428 --- [main] c.a.c.n.registry.NacosServiceRegistry    : nacos registry, DEFAULT_GROUP item-service 172.23.184.53:8081 register finished
10:09:36:178  INFO 15428 --- [main] d.s.w.p.DocumentationPluginsBootstrapper : Documentation plugins bootstrapped
10:09:36:181  INFO 15428 --- [main] d.s.w.p.DocumentationPluginsBootstrapper : Found 1 custom documentation plugin(s)
10:09:36:198  INFO 15428 --- [main] s.d.s.w.s.ApiListingReferenceScanner     : Scanning for api listing references
10:09:36:236  INFO 20640 --- [main] pertySourcedRequestMappingHandlerMapping : Mapped URL path [/v2/api-docs] onto method [springfox.documentation.swagger2.web.Swagger2ControllerWebMvc#getDocumentation(String, HttpServletRequest)]
10:09:36:286  INFO 15428 --- [main] com.hmall.item.ItemApplication           : Started ItemApplication in 4.047 seconds (JVM running for 4.393)
10:09:36:486  INFO 15428 --- [nacos-grpc-client-executor-11] com.alibaba.nacos.common.remote.client   : [790f6cee-c03a-4774-9d3e-cdffba76e4c1] Receive server push request, request = NotifySubscriberRequest, requestId = 156
10:09:36:489  INFO 15428 --- [nacos-grpc-client-executor-11] com.alibaba.nacos.common.remote.client   : [790f6cee-c03a-4774-9d3e-cdffba76e4c1] Ack server push request, request = NotifySubscriberRequest, requestId = 156
10:09:36:753  INFO 20640 --- [main] com.alibaba.nacos.common.remote.client   : [RpcClientFactory] create a new rpc client of d55bfe83-3651-4dad-af49-043e12928eca
10:09:36:798  INFO 20640 --- [main] org.reflections.Reflections              : Reflections took 21 ms to scan 1 urls, producing 3 keys and 6 values 
10:09:36:814  INFO 20640 --- [main] org.reflections.Reflections              : Reflections took 8 ms to scan 1 urls, producing 4 keys and 9 values 
10:09:36:823  INFO 20640 --- [main] org.reflections.Reflections              : Reflections took 7 ms to scan 1 urls, producing 3 keys and 10 values 
10:09:36:824  WARN 20640 --- [main] org.reflections.Reflections              : given scan urls are empty. set urls in the configuration
10:09:36:831  INFO 20640 --- [main] org.reflections.Reflections              : Reflections took 5 ms to scan 1 urls, producing 1 keys and 5 values 
10:09:36:840  INFO 20640 --- [main] org.reflections.Reflections              : Reflections took 8 ms to scan 1 urls, producing 1 keys and 7 values 
10:09:36:848  INFO 20640 --- [main] org.reflections.Reflections              : Reflections took 6 ms to scan 1 urls, producing 2 keys and 8 values 
10:09:36:849  WARN 20640 --- [main] org.reflections.Reflections              : given scan urls are empty. set urls in the configuration
10:09:36:850  INFO 20640 --- [main] com.alibaba.nacos.common.remote.client   : [d55bfe83-3651-4dad-af49-043e12928eca] RpcClient init label, labels = {module=naming, source=sdk}
10:09:36:852  INFO 20640 --- [main] com.alibaba.nacos.common.remote.client   : [d55bfe83-3651-4dad-af49-043e12928eca] RpcClient init, ServerListFactory = com.alibaba.nacos.client.naming.core.ServerListManager
10:09:36:852  INFO 20640 --- [main] com.alibaba.nacos.common.remote.client   : [d55bfe83-3651-4dad-af49-043e12928eca] Registry connection listener to current client:com.alibaba.nacos.client.naming.remote.gprc.redo.NamingGrpcRedoService
10:09:36:852  INFO 20640 --- [main] com.alibaba.nacos.common.remote.client   : [d55bfe83-3651-4dad-af49-043e12928eca] Register server push request handler:com.alibaba.nacos.client.naming.remote.gprc.NamingPushRequestHandler
10:09:36:853  INFO 20640 --- [main] com.alibaba.nacos.common.remote.client   : [d55bfe83-3651-4dad-af49-043e12928eca] Try to connect to server on start up, server: {serverIp = '192.168.153.128', server main port = 8848}
10:09:37:671  INFO 20640 --- [main] com.alibaba.nacos.common.remote.client   : [d55bfe83-3651-4dad-af49-043e12928eca] Success to connect to server [192.168.153.128:8848] on start up, connectionId = 1731629401208_192.168.153.1_61887
10:09:37:671  INFO 20640 --- [main] com.alibaba.nacos.common.remote.client   : [d55bfe83-3651-4dad-af49-043e12928eca] Register server push request handler:com.alibaba.nacos.common.remote.client.RpcClient$ConnectResetRequestHandler
10:09:37:671  INFO 20640 --- [com.alibaba.nacos.client.remote.worker] com.alibaba.nacos.common.remote.client   : [d55bfe83-3651-4dad-af49-043e12928eca] Notify connected event to listeners.
10:09:37:672  INFO 20640 --- [main] com.alibaba.nacos.common.remote.client   : [d55bfe83-3651-4dad-af49-043e12928eca] Register server push request handler:com.alibaba.nacos.common.remote.client.RpcClient$$Lambda$1092/0x00000197af85c7a0
10:09:37:713  INFO 20640 --- [main] o.s.b.w.embedded.tomcat.TomcatWebServer  : Tomcat started on port(s): 8083 (http) with context path ''
10:09:37:744  INFO 20640 --- [main] c.a.c.n.registry.NacosServiceRegistry    : nacos registry, DEFAULT_GROUP item-service 172.23.184.53:8083 register finished
10:09:37:856  INFO 20640 --- [main] d.s.w.p.DocumentationPluginsBootstrapper : Documentation plugins bootstrapped
10:09:37:858  INFO 20640 --- [main] d.s.w.p.DocumentationPluginsBootstrapper : Found 1 custom documentation plugin(s)
10:09:37:880  INFO 20640 --- [main] s.d.s.w.s.ApiListingReferenceScanner     : Scanning for api listing references
10:09:37:981  INFO 20640 --- [main] com.hmall.item.ItemApplication           : Started ItemApplication in 4.195 seconds (JVM running for 4.616)
10:09:38:217  INFO 15428 --- [nacos-grpc-client-executor-13] com.alibaba.nacos.common.remote.client   : [790f6cee-c03a-4774-9d3e-cdffba76e4c1] Receive server push request, request = NotifySubscriberRequest, requestId = 158
10:09:38:218  INFO 15428 --- [nacos-grpc-client-executor-13] com.alibaba.nacos.common.remote.client   : [790f6cee-c03a-4774-9d3e-cdffba76e4c1] Ack server push request, request = NotifySubscriberRequest, requestId = 158
10:09:38:225  INFO 20640 --- [nacos-grpc-client-executor-10] com.alibaba.nacos.common.remote.client   : [d55bfe83-3651-4dad-af49-043e12928eca] Receive server push request, request = NotifySubscriberRequest, requestId = 157
10:09:38:227  INFO 20640 --- [nacos-grpc-client-executor-10] com.alibaba.nacos.common.remote.client   : [d55bfe83-3651-4dad-af49-043e12928eca] Ack server push request, request = NotifySubscriberRequest, requestId = 157
10:11:59:257  INFO 20640 --- [http-nio-8083-exec-2] o.a.c.c.C.[Tomcat].[localhost].[/]       : Initializing Spring DispatcherServlet 'dispatcherServlet'
10:11:59:257  INFO 20640 --- [http-nio-8083-exec-2] o.s.web.servlet.DispatcherServlet        : Initializing Servlet 'dispatcherServlet'
10:11:59:258  INFO 20640 --- [http-nio-8083-exec-2] o.s.web.servlet.DispatcherServlet        : Completed initialization in 1 ms
10:11:59:310  WARN 20640 --- [http-nio-8083-exec-2] c.b.m.c.t.support.ReflectLambdaMeta      : Unable to make field private final java.lang.Class java.lang.invoke.SerializedLambda.capturingClass accessible: module java.base does not "opens java.lang.invoke" to unnamed module @3d285d7e
10:11:59:346  INFO 20640 --- [http-nio-8083-exec-2] com.zaxxer.hikari.HikariDataSource       : HikariPool-1 - Starting...
10:11:59:588  INFO 20640 --- [http-nio-8083-exec-2] com.zaxxer.hikari.HikariDataSource       : HikariPool-1 - Start completed.
10:11:59:592 DEBUG 20640 --- [http-nio-8083-exec-2] c.h.i.m.ItemMapper.selectPage_mpCount    : ==>  Preparing: SELECT COUNT(*) AS total FROM item WHERE (status = ?)
10:11:59:610 DEBUG 20640 --- [http-nio-8083-exec-2] c.h.i.m.ItemMapper.selectPage_mpCount    : ==> Parameters: 1(Integer)
10:12:00:141 DEBUG 20640 --- [http-nio-8083-exec-2] c.h.i.m.ItemMapper.selectPage_mpCount    : <==      Total: 1
10:12:00:150 DEBUG 20640 --- [http-nio-8083-exec-2] c.h.item.mapper.ItemMapper.selectPage    : ==>  Preparing: SELECT id, name, price, stock, image, category, brand, spec, sold, comment_count, isAD, status, create_time, update_time, creater, updater FROM item WHERE (status = ?) ORDER BY update_time DESC LIMIT ?
10:12:00:150 DEBUG 20640 --- [http-nio-8083-exec-2] c.h.item.mapper.ItemMapper.selectPage    : ==> Parameters: 1(Integer), 20(Long)
10:12:00:218 DEBUG 20640 --- [http-nio-8083-exec-2] c.h.item.mapper.ItemMapper.selectPage    : <==      Total: 20
10:12:02:581  INFO 15428 --- [http-nio-8081-exec-1] o.a.c.c.C.[Tomcat].[localhost].[/]       : Initializing Spring DispatcherServlet 'dispatcherServlet'
10:12:02:581  INFO 15428 --- [http-nio-8081-exec-1] o.s.web.servlet.DispatcherServlet        : Initializing Servlet 'dispatcherServlet'
10:12:02:585  INFO 15428 --- [http-nio-8081-exec-1] o.s.web.servlet.DispatcherServlet        : Completed initialization in 4 ms
10:12:02:641  WARN 15428 --- [http-nio-8081-exec-1] c.b.m.c.t.support.ReflectLambdaMeta      : Unable to make field private final java.lang.Class java.lang.invoke.SerializedLambda.capturingClass accessible: module java.base does not "opens java.lang.invoke" to unnamed module @3d285d7e
10:12:02:677  INFO 15428 --- [http-nio-8081-exec-1] com.zaxxer.hikari.HikariDataSource       : HikariPool-1 - Starting...
10:12:02:831  INFO 15428 --- [http-nio-8081-exec-1] com.zaxxer.hikari.HikariDataSource       : HikariPool-1 - Start completed.
10:12:02:835 DEBUG 15428 --- [http-nio-8081-exec-1] c.h.i.m.ItemMapper.selectPage_mpCount    : ==>  Preparing: SELECT COUNT(*) AS total FROM item WHERE (status = ?)
10:12:02:850 DEBUG 15428 --- [http-nio-8081-exec-1] c.h.i.m.ItemMapper.selectPage_mpCount    : ==> Parameters: 1(Integer)
10:12:03:081 DEBUG 15428 --- [http-nio-8081-exec-1] c.h.i.m.ItemMapper.selectPage_mpCount    : <==      Total: 1
10:12:03:090 DEBUG 15428 --- [http-nio-8081-exec-1] c.h.item.mapper.ItemMapper.selectPage    : ==>  Preparing: SELECT id, name, price, stock, image, category, brand, spec, sold, comment_count, isAD, status, create_time, update_time, creater, updater FROM item WHERE (status = ?) ORDER BY update_time DESC LIMIT ?,?
10:12:03:090 DEBUG 15428 --- [http-nio-8081-exec-1] c.h.item.mapper.ItemMapper.selectPage    : ==> Parameters: 1(Integer), 20(Long), 20(Long)
10:12:03:144 DEBUG 15428 --- [http-nio-8081-exec-1] c.h.item.mapper.ItemMapper.selectPage    : <==      Total: 20
10:12:03:909 DEBUG 20640 --- [http-nio-8083-exec-1] c.h.i.m.ItemMapper.selectPage_mpCount    : ==>  Preparing: SELECT COUNT(*) AS total FROM item WHERE (status = ?)
10:12:03:910 DEBUG 20640 --- [http-nio-8083-exec-1] c.h.i.m.ItemMapper.selectPage_mpCount    : ==> Parameters: 1(Integer)
10:12:04:094 DEBUG 20640 --- [http-nio-8083-exec-1] c.h.i.m.ItemMapper.selectPage_mpCount    : <==      Total: 1
10:12:04:098 DEBUG 20640 --- [http-nio-8083-exec-1] c.h.item.mapper.ItemMapper.selectPage    : ==>  Preparing: SELECT id, name, price, stock, image, category, brand, spec, sold, comment_count, isAD, status, create_time, update_time, creater, updater FROM item WHERE (status = ?) ORDER BY update_time DESC LIMIT ?,?
10:12:04:098 DEBUG 20640 --- [http-nio-8083-exec-1] c.h.item.mapper.ItemMapper.selectPage    : ==> Parameters: 1(Integer), 40(Long), 20(Long)
10:12:04:110 DEBUG 20640 --- [http-nio-8083-exec-1] c.h.item.mapper.ItemMapper.selectPage    : <==      Total: 20
10:12:05:689 DEBUG 15428 --- [http-nio-8081-exec-3] c.h.i.m.ItemMapper.selectPage_mpCount    : ==>  Preparing: SELECT COUNT(*) AS total FROM item WHERE (status = ?)
10:12:05:689 DEBUG 15428 --- [http-nio-8081-exec-3] c.h.i.m.ItemMapper.selectPage_mpCount    : ==> Parameters: 1(Integer)
10:12:05:898 DEBUG 15428 --- [http-nio-8081-exec-3] c.h.i.m.ItemMapper.selectPage_mpCount    : <==      Total: 1
10:12:05:902 DEBUG 15428 --- [http-nio-8081-exec-3] c.h.item.mapper.ItemMapper.selectPage    : ==>  Preparing: SELECT id, name, price, stock, image, category, brand, spec, sold, comment_count, isAD, status, create_time, update_time, creater, updater FROM item WHERE (status = ?) ORDER BY update_time DESC LIMIT ?,?
10:12:05:902 DEBUG 15428 --- [http-nio-8081-exec-3] c.h.item.mapper.ItemMapper.selectPage    : ==> Parameters: 1(Integer), 60(Long), 20(Long)
10:12:05:919 DEBUG 15428 --- [http-nio-8081-exec-3] c.h.item.mapper.ItemMapper.selectPage    : <==      Total: 20
10:23:33:038 DEBUG 20640 --- [http-nio-8083-exec-4] c.h.i.mapper.ItemMapper.selectBatchIds   : ==>  Preparing: SELECT id,name,price,stock,image,category,brand,spec,sold,comment_count,isAD,status,create_time,update_time,creater,updater FROM item WHERE id IN ( ? )
10:23:33:039 DEBUG 20640 --- [http-nio-8083-exec-4] c.h.i.mapper.ItemMapper.selectBatchIds   : ==> Parameters: 100000006163(Long)
10:23:33:046 DEBUG 20640 --- [http-nio-8083-exec-4] c.h.i.mapper.ItemMapper.selectBatchIds   : <==      Total: 1
10:29:08:864  WARN 20640 --- [Thread-4] c.a.nacos.common.notify.NotifyCenter     : [NotifyCenter] Start destroying Publisher
10:29:08:864  WARN 20640 --- [Thread-7] c.a.n.common.http.HttpClientBeanHolder   : [HttpClientBeanHolder] Start destroying common HttpClient
10:29:08:864  WARN 20640 --- [Thread-4] c.a.nacos.common.notify.NotifyCenter     : [NotifyCenter] Destruction of the end
10:29:08:866  WARN 20640 --- [Thread-7] c.a.n.common.http.HttpClientBeanHolder   : [HttpClientBeanHolder] Destruction of the end
10:29:08:928  INFO 20640 --- [SpringApplicationShutdownHook] c.a.c.n.registry.NacosServiceRegistry    : De-registering from Nacos Server now...
10:29:08:940  INFO 20640 --- [SpringApplicationShutdownHook] c.a.c.n.registry.NacosServiceRegistry    : De-registration finished.
10:29:09:145  WARN 15428 --- [Thread-7] c.a.n.common.http.HttpClientBeanHolder   : [HttpClientBeanHolder] Start destroying common HttpClient
10:29:09:145  WARN 15428 --- [Thread-4] c.a.nacos.common.notify.NotifyCenter     : [NotifyCenter] Start destroying Publisher
10:29:09:146  WARN 15428 --- [Thread-4] c.a.nacos.common.notify.NotifyCenter     : [NotifyCenter] Destruction of the end
10:29:09:146  WARN 15428 --- [Thread-7] c.a.n.common.http.HttpClientBeanHolder   : [HttpClientBeanHolder] Destruction of the end
10:29:09:196  INFO 15428 --- [SpringApplicationShutdownHook] c.a.c.n.registry.NacosServiceRegistry    : De-registering from Nacos Server now...
10:29:09:202  INFO 15428 --- [SpringApplicationShutdownHook] c.a.c.n.registry.NacosServiceRegistry    : De-registration finished.
10:29:09:257  INFO 20640 --- [SpringApplicationShutdownHook] com.alibaba.nacos.common.remote.client   : Shutdown rpc client, set status to shutdown
10:29:09:257  INFO 20640 --- [SpringApplicationShutdownHook] com.alibaba.nacos.common.remote.client   : Shutdown client event executor java.util.concurrent.ScheduledThreadPoolExecutor@428ba8a3[Running, pool size = 2, active threads = 2, queued tasks = 0, completed tasks = 0]
10:29:09:257  INFO 20640 --- [SpringApplicationShutdownHook] com.alibaba.nacos.common.remote.client   : Close current connection 1731629401208_192.168.153.1_61887
10:29:09:260  INFO 20640 --- [SpringApplicationShutdownHook] c.a.n.c.remote.client.grpc.GrpcClient    : Shutdown grpc executor java.util.concurrent.ThreadPoolExecutor@fddf3c1[Running, pool size = 4, active threads = 0, queued tasks = 0, completed tasks = 265]
10:29:09:261  INFO 20640 --- [SpringApplicationShutdownHook] com.zaxxer.hikari.HikariDataSource       : HikariPool-1 - Shutdown initiated...
10:29:09:303  INFO 20640 --- [SpringApplicationShutdownHook] com.zaxxer.hikari.HikariDataSource       : HikariPool-1 - Shutdown completed.
10:29:09:473  INFO 15428 --- [nacos-grpc-client-executor-264] com.alibaba.nacos.common.remote.client   : [790f6cee-c03a-4774-9d3e-cdffba76e4c1] Receive server push request, request = NotifySubscriberRequest, requestId = 202
10:29:09:473  INFO 15428 --- [nacos-grpc-client-executor-264] com.alibaba.nacos.common.remote.client   : [790f6cee-c03a-4774-9d3e-cdffba76e4c1] Ack server push request, request = NotifySubscriberRequest, requestId = 202
10:29:09:511  INFO 15428 --- [SpringApplicationShutdownHook] com.alibaba.nacos.common.remote.client   : Shutdown rpc client, set status to shutdown
10:29:09:511  INFO 15428 --- [SpringApplicationShutdownHook] com.alibaba.nacos.common.remote.client   : Shutdown client event executor java.util.concurrent.ScheduledThreadPoolExecutor@795460ca[Running, pool size = 2, active threads = 2, queued tasks = 0, completed tasks = 0]
10:29:09:511  INFO 15428 --- [SpringApplicationShutdownHook] com.alibaba.nacos.common.remote.client   : Close current connection 1731629399392_192.168.153.1_61884
10:29:09:515  INFO 15428 --- [SpringApplicationShutdownHook] c.a.n.c.remote.client.grpc.GrpcClient    : Shutdown grpc executor java.util.concurrent.ThreadPoolExecutor@7f680c64[Running, pool size = 5, active threads = 0, queued tasks = 0, completed tasks = 265]
10:29:09:519  INFO 15428 --- [nacos-grpc-client-executor-265] c.a.n.c.remote.client.grpc.GrpcClient    : [1731629399392_192.168.153.1_61884]Ignore complete event,isRunning:false,isAbandon=false
10:29:09:523  INFO 15428 --- [SpringApplicationShutdownHook] com.zaxxer.hikari.HikariDataSource       : HikariPool-1 - Shutdown initiated...
10:29:09:559  INFO 15428 --- [SpringApplicationShutdownHook] com.zaxxer.hikari.HikariDataSource       : HikariPool-1 - Shutdown completed.
14:45:16:527  INFO 16428 --- [main] com.hmall.item.ItemApplication           : Starting ItemApplication using Java 17.0.11 on LAPTOP-FUHMSPG5 with PID 16428 (E:\BaiduNetdiskDownload\cloud\day03\资料\hmall\item-service\target\classes started by liujunjie in E:\BaiduNetdiskDownload\cloud\day03\资料\hmall)
14:45:16:543 DEBUG 16428 --- [main] com.hmall.item.ItemApplication           : Running with Spring Boot v2.7.12, Spring v5.3.27
14:45:16:543  INFO 16428 --- [main] com.hmall.item.ItemApplication           : The following 1 profile is active: "local"
14:45:17:093  INFO 16428 --- [main] .s.d.r.c.RepositoryConfigurationDelegate : Multiple Spring Data modules found, entering strict repository configuration mode
14:45:17:093  INFO 16428 --- [main] .s.d.r.c.RepositoryConfigurationDelegate : Bootstrapping Spring Data Redis repositories in DEFAULT mode.
14:45:17:109  INFO 16428 --- [main] .s.d.r.c.RepositoryConfigurationDelegate : Finished Spring Data repository scanning in 4 ms. Found 0 Redis repository interfaces.
14:45:17:227  INFO 16428 --- [main] o.s.cloud.context.scope.GenericScope     : BeanFactory id=e9c9c831-02ad-3379-9802-b53dd58343f1
14:45:17:480  INFO 16428 --- [main] o.s.b.w.embedded.tomcat.TomcatWebServer  : Tomcat initialized with port(s): 8081 (http)
14:45:17:485  INFO 16428 --- [main] o.apache.catalina.core.StandardService   : Starting service [Tomcat]
14:45:17:486  INFO 16428 --- [main] org.apache.catalina.core.StandardEngine  : Starting Servlet engine: [Apache Tomcat/9.0.75]
14:45:17:569  INFO 16428 --- [main] o.a.c.c.C.[Tomcat].[localhost].[/]       : Initializing Spring embedded WebApplicationContext
14:45:17:569  INFO 16428 --- [main] w.s.c.ServletWebServerApplicationContext : Root WebApplicationContext: initialization completed in 983 ms
14:45:18:291  INFO 25564 --- [main] com.hmall.item.ItemApplication           : Starting ItemApplication using Java 17.0.11 on LAPTOP-FUHMSPG5 with PID 25564 (E:\BaiduNetdiskDownload\cloud\day03\资料\hmall\item-service\target\classes started by liujunjie in E:\BaiduNetdiskDownload\cloud\day03\资料\hmall)
14:45:18:293 DEBUG 25564 --- [main] com.hmall.item.ItemApplication           : Running with Spring Boot v2.7.12, Spring v5.3.27
14:45:18:293  INFO 25564 --- [main] com.hmall.item.ItemApplication           : The following 1 profile is active: "local"
14:45:18:433  INFO 16428 --- [main] pertySourcedRequestMappingHandlerMapping : Mapped URL path [/v2/api-docs] onto method [springfox.documentation.swagger2.web.Swagger2ControllerWebMvc#getDocumentation(String, HttpServletRequest)]
14:45:18:868  INFO 25564 --- [main] .s.d.r.c.RepositoryConfigurationDelegate : Multiple Spring Data modules found, entering strict repository configuration mode
14:45:18:870  INFO 25564 --- [main] .s.d.r.c.RepositoryConfigurationDelegate : Bootstrapping Spring Data Redis repositories in DEFAULT mode.
14:45:18:882  INFO 25564 --- [main] .s.d.r.c.RepositoryConfigurationDelegate : Finished Spring Data repository scanning in 4 ms. Found 0 Redis repository interfaces.
14:45:18:930  INFO 16428 --- [main] com.alibaba.nacos.common.remote.client   : [RpcClientFactory] create a new rpc client of 0e2a0d70-d7ea-4dc1-adf9-1524be8da4f7
14:45:18:969  INFO 16428 --- [main] org.reflections.Reflections              : Reflections took 18 ms to scan 1 urls, producing 3 keys and 6 values 
14:45:18:986  INFO 16428 --- [main] org.reflections.Reflections              : Reflections took 10 ms to scan 1 urls, producing 4 keys and 9 values 
14:45:18:991  INFO 16428 --- [main] org.reflections.Reflections              : Reflections took 4 ms to scan 1 urls, producing 3 keys and 10 values 
14:45:18:992  WARN 16428 --- [main] org.reflections.Reflections              : given scan urls are empty. set urls in the configuration
14:45:18:996  INFO 16428 --- [main] org.reflections.Reflections              : Reflections took 4 ms to scan 1 urls, producing 1 keys and 5 values 
14:45:19:002  INFO 16428 --- [main] org.reflections.Reflections              : Reflections took 4 ms to scan 1 urls, producing 1 keys and 7 values 
14:45:19:008  INFO 16428 --- [main] org.reflections.Reflections              : Reflections took 4 ms to scan 1 urls, producing 2 keys and 8 values 
14:45:19:009  WARN 16428 --- [main] org.reflections.Reflections              : given scan urls are empty. set urls in the configuration
14:45:19:009  INFO 16428 --- [main] com.alibaba.nacos.common.remote.client   : [0e2a0d70-d7ea-4dc1-adf9-1524be8da4f7] RpcClient init label, labels = {module=naming, source=sdk}
14:45:19:010  INFO 16428 --- [main] com.alibaba.nacos.common.remote.client   : [0e2a0d70-d7ea-4dc1-adf9-1524be8da4f7] RpcClient init, ServerListFactory = com.alibaba.nacos.client.naming.core.ServerListManager
14:45:19:010  INFO 16428 --- [main] com.alibaba.nacos.common.remote.client   : [0e2a0d70-d7ea-4dc1-adf9-1524be8da4f7] Registry connection listener to current client:com.alibaba.nacos.client.naming.remote.gprc.redo.NamingGrpcRedoService
14:45:19:011  INFO 16428 --- [main] com.alibaba.nacos.common.remote.client   : [0e2a0d70-d7ea-4dc1-adf9-1524be8da4f7] Register server push request handler:com.alibaba.nacos.client.naming.remote.gprc.NamingPushRequestHandler
14:45:19:012  INFO 16428 --- [main] com.alibaba.nacos.common.remote.client   : [0e2a0d70-d7ea-4dc1-adf9-1524be8da4f7] Try to connect to server on start up, server: {serverIp = '192.168.153.128', server main port = 8848}
14:45:19:031  INFO 25564 --- [main] o.s.cloud.context.scope.GenericScope     : BeanFactory id=e9c9c831-02ad-3379-9802-b53dd58343f1
14:45:19:308  INFO 25564 --- [main] o.s.b.w.embedded.tomcat.TomcatWebServer  : Tomcat initialized with port(s): 8083 (http)
14:45:19:314  INFO 25564 --- [main] o.apache.catalina.core.StandardService   : Starting service [Tomcat]
14:45:19:314  INFO 25564 --- [main] org.apache.catalina.core.StandardEngine  : Starting Servlet engine: [Apache Tomcat/9.0.75]
14:45:19:402  INFO 25564 --- [main] o.a.c.c.C.[Tomcat].[localhost].[/]       : Initializing Spring embedded WebApplicationContext
14:45:19:402  INFO 25564 --- [main] w.s.c.ServletWebServerApplicationContext : Root WebApplicationContext: initialization completed in 1073 ms
14:45:19:643  INFO 16428 --- [main] com.alibaba.nacos.common.remote.client   : [0e2a0d70-d7ea-4dc1-adf9-1524be8da4f7] Success to connect to server [192.168.153.128:8848] on start up, connectionId = 1731642087565_192.168.153.1_50638
14:45:19:643  INFO 16428 --- [com.alibaba.nacos.client.remote.worker] com.alibaba.nacos.common.remote.client   : [0e2a0d70-d7ea-4dc1-adf9-1524be8da4f7] Notify connected event to listeners.
14:45:19:643  INFO 16428 --- [main] com.alibaba.nacos.common.remote.client   : [0e2a0d70-d7ea-4dc1-adf9-1524be8da4f7] Register server push request handler:com.alibaba.nacos.common.remote.client.RpcClient$ConnectResetRequestHandler
14:45:19:644  INFO 16428 --- [main] com.alibaba.nacos.common.remote.client   : [0e2a0d70-d7ea-4dc1-adf9-1524be8da4f7] Register server push request handler:com.alibaba.nacos.common.remote.client.RpcClient$$Lambda$1092/0x000001de81881688
14:45:19:693  INFO 16428 --- [main] o.s.b.w.embedded.tomcat.TomcatWebServer  : Tomcat started on port(s): 8081 (http) with context path ''
14:45:19:702  INFO 16428 --- [main] c.a.c.n.registry.NacosServiceRegistry    : nacos registry, DEFAULT_GROUP item-service 172.23.184.53:8081 register finished
14:45:19:814  INFO 16428 --- [main] d.s.w.p.DocumentationPluginsBootstrapper : Documentation plugins bootstrapped
14:45:19:817  INFO 16428 --- [main] d.s.w.p.DocumentationPluginsBootstrapper : Found 1 custom documentation plugin(s)
14:45:19:837  INFO 16428 --- [main] s.d.s.w.s.ApiListingReferenceScanner     : Scanning for api listing references
14:45:19:942  INFO 16428 --- [main] com.hmall.item.ItemApplication           : Started ItemApplication in 3.89 seconds (JVM running for 4.288)
14:45:20:173  INFO 16428 --- [nacos-grpc-client-executor-8] com.alibaba.nacos.common.remote.client   : [0e2a0d70-d7ea-4dc1-adf9-1524be8da4f7] Receive server push request, request = NotifySubscriberRequest, requestId = 206
14:45:20:176  INFO 16428 --- [nacos-grpc-client-executor-8] com.alibaba.nacos.common.remote.client   : [0e2a0d70-d7ea-4dc1-adf9-1524be8da4f7] Ack server push request, request = NotifySubscriberRequest, requestId = 206
14:45:20:284  INFO 25564 --- [main] pertySourcedRequestMappingHandlerMapping : Mapped URL path [/v2/api-docs] onto method [springfox.documentation.swagger2.web.Swagger2ControllerWebMvc#getDocumentation(String, HttpServletRequest)]
14:45:20:729  INFO 25564 --- [main] com.alibaba.nacos.common.remote.client   : [RpcClientFactory] create a new rpc client of d02002fa-bf5e-4216-8d7b-5ed2e7de16b5
14:45:20:768  INFO 25564 --- [main] org.reflections.Reflections              : Reflections took 19 ms to scan 1 urls, producing 3 keys and 6 values 
14:45:20:785  INFO 25564 --- [main] org.reflections.Reflections              : Reflections took 8 ms to scan 1 urls, producing 4 keys and 9 values 
14:45:20:791  INFO 25564 --- [main] org.reflections.Reflections              : Reflections took 5 ms to scan 1 urls, producing 3 keys and 10 values 
14:45:20:792  WARN 25564 --- [main] org.reflections.Reflections              : given scan urls are empty. set urls in the configuration
14:45:20:798  INFO 25564 --- [main] org.reflections.Reflections              : Reflections took 5 ms to scan 1 urls, producing 1 keys and 5 values 
14:45:20:804  INFO 25564 --- [main] org.reflections.Reflections              : Reflections took 4 ms to scan 1 urls, producing 1 keys and 7 values 
14:45:20:814  INFO 25564 --- [main] org.reflections.Reflections              : Reflections took 9 ms to scan 1 urls, producing 2 keys and 8 values 
14:45:20:815  WARN 25564 --- [main] org.reflections.Reflections              : given scan urls are empty. set urls in the configuration
14:45:20:816  INFO 25564 --- [main] com.alibaba.nacos.common.remote.client   : [d02002fa-bf5e-4216-8d7b-5ed2e7de16b5] RpcClient init label, labels = {module=naming, source=sdk}
14:45:20:817  INFO 25564 --- [main] com.alibaba.nacos.common.remote.client   : [d02002fa-bf5e-4216-8d7b-5ed2e7de16b5] RpcClient init, ServerListFactory = com.alibaba.nacos.client.naming.core.ServerListManager
14:45:20:817  INFO 25564 --- [main] com.alibaba.nacos.common.remote.client   : [d02002fa-bf5e-4216-8d7b-5ed2e7de16b5] Registry connection listener to current client:com.alibaba.nacos.client.naming.remote.gprc.redo.NamingGrpcRedoService
14:45:20:818  INFO 25564 --- [main] com.alibaba.nacos.common.remote.client   : [d02002fa-bf5e-4216-8d7b-5ed2e7de16b5] Register server push request handler:com.alibaba.nacos.client.naming.remote.gprc.NamingPushRequestHandler
14:45:20:819  INFO 25564 --- [main] com.alibaba.nacos.common.remote.client   : [d02002fa-bf5e-4216-8d7b-5ed2e7de16b5] Try to connect to server on start up, server: {serverIp = '192.168.153.128', server main port = 8848}
14:45:21:435  INFO 25564 --- [main] com.alibaba.nacos.common.remote.client   : [d02002fa-bf5e-4216-8d7b-5ed2e7de16b5] Success to connect to server [192.168.153.128:8848] on start up, connectionId = 1731642089511_192.168.153.1_50649
14:45:21:435  INFO 25564 --- [com.alibaba.nacos.client.remote.worker] com.alibaba.nacos.common.remote.client   : [d02002fa-bf5e-4216-8d7b-5ed2e7de16b5] Notify connected event to listeners.
14:45:21:436  INFO 25564 --- [main] com.alibaba.nacos.common.remote.client   : [d02002fa-bf5e-4216-8d7b-5ed2e7de16b5] Register server push request handler:com.alibaba.nacos.common.remote.client.RpcClient$ConnectResetRequestHandler
14:45:21:436  INFO 25564 --- [main] com.alibaba.nacos.common.remote.client   : [d02002fa-bf5e-4216-8d7b-5ed2e7de16b5] Register server push request handler:com.alibaba.nacos.common.remote.client.RpcClient$$Lambda$1092/0x000001ffcb881688
14:45:21:478  INFO 25564 --- [main] o.s.b.w.embedded.tomcat.TomcatWebServer  : Tomcat started on port(s): 8083 (http) with context path ''
14:45:21:487  INFO 25564 --- [main] c.a.c.n.registry.NacosServiceRegistry    : nacos registry, DEFAULT_GROUP item-service 172.23.184.53:8083 register finished
14:45:21:631  INFO 25564 --- [main] d.s.w.p.DocumentationPluginsBootstrapper : Documentation plugins bootstrapped
14:45:21:634  INFO 25564 --- [main] d.s.w.p.DocumentationPluginsBootstrapper : Found 1 custom documentation plugin(s)
14:45:21:660  INFO 25564 --- [main] s.d.s.w.s.ApiListingReferenceScanner     : Scanning for api listing references
14:45:21:763  INFO 25564 --- [main] com.hmall.item.ItemApplication           : Started ItemApplication in 3.929 seconds (JVM running for 4.324)
14:45:22:003  INFO 16428 --- [nacos-grpc-client-executor-10] com.alibaba.nacos.common.remote.client   : [0e2a0d70-d7ea-4dc1-adf9-1524be8da4f7] Receive server push request, request = NotifySubscriberRequest, requestId = 207
14:45:22:005  INFO 16428 --- [nacos-grpc-client-executor-10] com.alibaba.nacos.common.remote.client   : [0e2a0d70-d7ea-4dc1-adf9-1524be8da4f7] Ack server push request, request = NotifySubscriberRequest, requestId = 207
14:45:22:012  INFO 25564 --- [nacos-grpc-client-executor-8] com.alibaba.nacos.common.remote.client   : [d02002fa-bf5e-4216-8d7b-5ed2e7de16b5] Receive server push request, request = NotifySubscriberRequest, requestId = 208
14:45:22:013  INFO 25564 --- [nacos-grpc-client-executor-8] com.alibaba.nacos.common.remote.client   : [d02002fa-bf5e-4216-8d7b-5ed2e7de16b5] Ack server push request, request = NotifySubscriberRequest, requestId = 208
14:53:22:382  WARN 25564 --- [Thread-7] c.a.n.common.http.HttpClientBeanHolder   : [HttpClientBeanHolder] Start destroying common HttpClient
14:53:22:382  WARN 25564 --- [Thread-4] c.a.nacos.common.notify.NotifyCenter     : [NotifyCenter] Start destroying Publisher
14:53:22:382  WARN 25564 --- [Thread-4] c.a.nacos.common.notify.NotifyCenter     : [NotifyCenter] Destruction of the end
14:53:22:383  WARN 25564 --- [Thread-7] c.a.n.common.http.HttpClientBeanHolder   : [HttpClientBeanHolder] Destruction of the end
14:53:22:420  INFO 25564 --- [SpringApplicationShutdownHook] c.a.c.n.registry.NacosServiceRegistry    : De-registering from Nacos Server now...
14:53:22:425  INFO 25564 --- [SpringApplicationShutdownHook] c.a.c.n.registry.NacosServiceRegistry    : De-registration finished.
14:53:22:588  INFO 25564 --- [SpringApplicationShutdownHook] com.alibaba.nacos.common.remote.client   : Shutdown rpc client, set status to shutdown
14:53:22:588  INFO 25564 --- [SpringApplicationShutdownHook] com.alibaba.nacos.common.remote.client   : Shutdown client event executor java.util.concurrent.ScheduledThreadPoolExecutor@10a6cc12[Running, pool size = 2, active threads = 2, queued tasks = 0, completed tasks = 0]
14:53:22:588  INFO 25564 --- [SpringApplicationShutdownHook] com.alibaba.nacos.common.remote.client   : Close current connection 1731642089511_192.168.153.1_50649
14:53:22:591  INFO 25564 --- [SpringApplicationShutdownHook] c.a.n.c.remote.client.grpc.GrpcClient    : Shutdown grpc executor java.util.concurrent.ThreadPoolExecutor@736e634b[Running, pool size = 4, active threads = 0, queued tasks = 0, completed tasks = 112]
14:53:22:709  WARN 16428 --- [Thread-7] c.a.n.common.http.HttpClientBeanHolder   : [HttpClientBeanHolder] Start destroying common HttpClient
14:53:22:709  WARN 16428 --- [Thread-4] c.a.nacos.common.notify.NotifyCenter     : [NotifyCenter] Start destroying Publisher
14:53:22:709  WARN 16428 --- [Thread-4] c.a.nacos.common.notify.NotifyCenter     : [NotifyCenter] Destruction of the end
14:53:22:710  WARN 16428 --- [Thread-7] c.a.n.common.http.HttpClientBeanHolder   : [HttpClientBeanHolder] Destruction of the end
14:53:22:748  INFO 16428 --- [SpringApplicationShutdownHook] c.a.c.n.registry.NacosServiceRegistry    : De-registering from Nacos Server now...
14:53:22:755  INFO 16428 --- [SpringApplicationShutdownHook] c.a.c.n.registry.NacosServiceRegistry    : De-registration finished.
14:53:22:977  INFO 16428 --- [nacos-grpc-client-executor-115] com.alibaba.nacos.common.remote.client   : [0e2a0d70-d7ea-4dc1-adf9-1524be8da4f7] Receive server push request, request = NotifySubscriberRequest, requestId = 215
14:53:22:984  INFO 16428 --- [nacos-grpc-client-executor-115] com.alibaba.nacos.common.remote.client   : [0e2a0d70-d7ea-4dc1-adf9-1524be8da4f7] Ack server push request, request = NotifySubscriberRequest, requestId = 215
14:53:23:076  INFO 16428 --- [SpringApplicationShutdownHook] com.alibaba.nacos.common.remote.client   : Shutdown rpc client, set status to shutdown
14:53:23:076  INFO 16428 --- [SpringApplicationShutdownHook] com.alibaba.nacos.common.remote.client   : Shutdown client event executor java.util.concurrent.ScheduledThreadPoolExecutor@66ebc18c[Running, pool size = 2, active threads = 2, queued tasks = 0, completed tasks = 0]
14:53:23:076  INFO 16428 --- [SpringApplicationShutdownHook] com.alibaba.nacos.common.remote.client   : Close current connection 1731642087565_192.168.153.1_50638
14:53:23:078  INFO 16428 --- [SpringApplicationShutdownHook] c.a.n.c.remote.client.grpc.GrpcClient    : Shutdown grpc executor java.util.concurrent.ThreadPoolExecutor@44028a44[Running, pool size = 6, active threads = 0, queued tasks = 0, completed tasks = 116]
15:27:29:838  INFO 22776 --- [main] com.hmall.item.ItemApplication           : Starting ItemApplication using Java 17.0.11 on LAPTOP-FUHMSPG5 with PID 22776 (E:\BaiduNetdiskDownload\cloud\day03\资料\hmall\item-service\target\classes started by liujunjie in E:\BaiduNetdiskDownload\cloud\day03\资料\hmall)
15:27:29:839 DEBUG 22776 --- [main] com.hmall.item.ItemApplication           : Running with Spring Boot v2.7.12, Spring v5.3.27
15:27:29:840  INFO 22776 --- [main] com.hmall.item.ItemApplication           : The following 1 profile is active: "local"
15:27:30:397  INFO 22776 --- [main] .s.d.r.c.RepositoryConfigurationDelegate : Multiple Spring Data modules found, entering strict repository configuration mode
15:27:30:398  INFO 22776 --- [main] .s.d.r.c.RepositoryConfigurationDelegate : Bootstrapping Spring Data Redis repositories in DEFAULT mode.
15:27:30:410  INFO 22776 --- [main] .s.d.r.c.RepositoryConfigurationDelegate : Finished Spring Data repository scanning in 4 ms. Found 0 Redis repository interfaces.
15:27:30:529  INFO 22776 --- [main] o.s.cloud.context.scope.GenericScope     : BeanFactory id=e9c9c831-02ad-3379-9802-b53dd58343f1
15:27:30:781  INFO 22776 --- [main] o.s.b.w.embedded.tomcat.TomcatWebServer  : Tomcat initialized with port(s): 8081 (http)
15:27:30:786  INFO 22776 --- [main] o.apache.catalina.core.StandardService   : Starting service [Tomcat]
15:27:30:786  INFO 22776 --- [main] org.apache.catalina.core.StandardEngine  : Starting Servlet engine: [Apache Tomcat/9.0.75]
15:27:30:873  INFO 22776 --- [main] o.a.c.c.C.[Tomcat].[localhost].[/]       : Initializing Spring embedded WebApplicationContext
15:27:30:873  INFO 22776 --- [main] w.s.c.ServletWebServerApplicationContext : Root WebApplicationContext: initialization completed in 994 ms
15:27:31:648  INFO 19180 --- [main] com.hmall.item.ItemApplication           : Starting ItemApplication using Java 17.0.11 on LAPTOP-FUHMSPG5 with PID 19180 (E:\BaiduNetdiskDownload\cloud\day03\资料\hmall\item-service\target\classes started by liujunjie in E:\BaiduNetdiskDownload\cloud\day03\资料\hmall)
15:27:31:650 DEBUG 19180 --- [main] com.hmall.item.ItemApplication           : Running with Spring Boot v2.7.12, Spring v5.3.27
15:27:31:650  INFO 19180 --- [main] com.hmall.item.ItemApplication           : The following 1 profile is active: "local"
15:27:31:692  INFO 22776 --- [main] pertySourcedRequestMappingHandlerMapping : Mapped URL path [/v2/api-docs] onto method [springfox.documentation.swagger2.web.Swagger2ControllerWebMvc#getDocumentation(String, HttpServletRequest)]
15:27:32:179  INFO 22776 --- [main] com.alibaba.nacos.common.remote.client   : [RpcClientFactory] create a new rpc client of 1e4bf5d4-821a-4c6e-b0c1-9756e1727dfe
15:27:32:206  INFO 19180 --- [main] .s.d.r.c.RepositoryConfigurationDelegate : Multiple Spring Data modules found, entering strict repository configuration mode
15:27:32:207  INFO 19180 --- [main] .s.d.r.c.RepositoryConfigurationDelegate : Bootstrapping Spring Data Redis repositories in DEFAULT mode.
15:27:32:216  INFO 22776 --- [main] org.reflections.Reflections              : Reflections took 18 ms to scan 1 urls, producing 3 keys and 6 values 
15:27:32:220  INFO 19180 --- [main] .s.d.r.c.RepositoryConfigurationDelegate : Finished Spring Data repository scanning in 4 ms. Found 0 Redis repository interfaces.
15:27:32:228  INFO 22776 --- [main] org.reflections.Reflections              : Reflections took 5 ms to scan 1 urls, producing 4 keys and 9 values 
15:27:32:234  INFO 22776 --- [main] org.reflections.Reflections              : Reflections took 4 ms to scan 1 urls, producing 3 keys and 10 values 
15:27:32:235  WARN 22776 --- [main] org.reflections.Reflections              : given scan urls are empty. set urls in the configuration
15:27:32:239  INFO 22776 --- [main] org.reflections.Reflections              : Reflections took 4 ms to scan 1 urls, producing 1 keys and 5 values 
15:27:32:243  INFO 22776 --- [main] org.reflections.Reflections              : Reflections took 3 ms to scan 1 urls, producing 1 keys and 7 values 
15:27:32:248  INFO 22776 --- [main] org.reflections.Reflections              : Reflections took 4 ms to scan 1 urls, producing 2 keys and 8 values 
15:27:32:249  WARN 22776 --- [main] org.reflections.Reflections              : given scan urls are empty. set urls in the configuration
15:27:32:249  INFO 22776 --- [main] com.alibaba.nacos.common.remote.client   : [1e4bf5d4-821a-4c6e-b0c1-9756e1727dfe] RpcClient init label, labels = {module=naming, source=sdk}
15:27:32:250  INFO 22776 --- [main] com.alibaba.nacos.common.remote.client   : [1e4bf5d4-821a-4c6e-b0c1-9756e1727dfe] RpcClient init, ServerListFactory = com.alibaba.nacos.client.naming.core.ServerListManager
15:27:32:250  INFO 22776 --- [main] com.alibaba.nacos.common.remote.client   : [1e4bf5d4-821a-4c6e-b0c1-9756e1727dfe] Registry connection listener to current client:com.alibaba.nacos.client.naming.remote.gprc.redo.NamingGrpcRedoService
15:27:32:250  INFO 22776 --- [main] com.alibaba.nacos.common.remote.client   : [1e4bf5d4-821a-4c6e-b0c1-9756e1727dfe] Register server push request handler:com.alibaba.nacos.client.naming.remote.gprc.NamingPushRequestHandler
15:27:32:251  INFO 22776 --- [main] com.alibaba.nacos.common.remote.client   : [1e4bf5d4-821a-4c6e-b0c1-9756e1727dfe] Try to connect to server on start up, server: {serverIp = '192.168.153.128', server main port = 8848}
15:27:32:349  INFO 19180 --- [main] o.s.cloud.context.scope.GenericScope     : BeanFactory id=e9c9c831-02ad-3379-9802-b53dd58343f1
15:27:32:586  INFO 19180 --- [main] o.s.b.w.embedded.tomcat.TomcatWebServer  : Tomcat initialized with port(s): 8083 (http)
15:27:32:591  INFO 19180 --- [main] o.apache.catalina.core.StandardService   : Starting service [Tomcat]
15:27:32:592  INFO 19180 --- [main] org.apache.catalina.core.StandardEngine  : Starting Servlet engine: [Apache Tomcat/9.0.75]
15:27:32:671  INFO 19180 --- [main] o.a.c.c.C.[Tomcat].[localhost].[/]       : Initializing Spring embedded WebApplicationContext
15:27:32:671  INFO 19180 --- [main] w.s.c.ServletWebServerApplicationContext : Root WebApplicationContext: initialization completed in 981 ms
15:27:32:824  INFO 22776 --- [main] com.alibaba.nacos.common.remote.client   : [1e4bf5d4-821a-4c6e-b0c1-9756e1727dfe] Success to connect to server [192.168.153.128:8848] on start up, connectionId = 1731644831877_192.168.153.1_52498
15:27:32:824  INFO 22776 --- [main] com.alibaba.nacos.common.remote.client   : [1e4bf5d4-821a-4c6e-b0c1-9756e1727dfe] Register server push request handler:com.alibaba.nacos.common.remote.client.RpcClient$ConnectResetRequestHandler
15:27:32:824  INFO 22776 --- [com.alibaba.nacos.client.remote.worker] com.alibaba.nacos.common.remote.client   : [1e4bf5d4-821a-4c6e-b0c1-9756e1727dfe] Notify connected event to listeners.
15:27:32:824  INFO 22776 --- [main] com.alibaba.nacos.common.remote.client   : [1e4bf5d4-821a-4c6e-b0c1-9756e1727dfe] Register server push request handler:com.alibaba.nacos.common.remote.client.RpcClient$$Lambda$1092/0x0000027739881cc8
15:27:32:863  INFO 22776 --- [main] o.s.b.w.embedded.tomcat.TomcatWebServer  : Tomcat started on port(s): 8081 (http) with context path ''
15:27:32:873  INFO 22776 --- [main] c.a.c.n.registry.NacosServiceRegistry    : nacos registry, DEFAULT_GROUP item-service 172.23.184.53:8081 register finished
15:27:33:004  INFO 22776 --- [main] d.s.w.p.DocumentationPluginsBootstrapper : Documentation plugins bootstrapped
15:27:33:006  INFO 22776 --- [main] d.s.w.p.DocumentationPluginsBootstrapper : Found 1 custom documentation plugin(s)
15:27:33:029  INFO 22776 --- [main] s.d.s.w.s.ApiListingReferenceScanner     : Scanning for api listing references
15:27:33:127  INFO 22776 --- [main] com.hmall.item.ItemApplication           : Started ItemApplication in 3.793 seconds (JVM running for 4.202)
15:27:33:397  INFO 22776 --- [nacos-grpc-client-executor-9] com.alibaba.nacos.common.remote.client   : [1e4bf5d4-821a-4c6e-b0c1-9756e1727dfe] Receive server push request, request = NotifySubscriberRequest, requestId = 218
15:27:33:399  INFO 22776 --- [nacos-grpc-client-executor-9] com.alibaba.nacos.common.remote.client   : [1e4bf5d4-821a-4c6e-b0c1-9756e1727dfe] Ack server push request, request = NotifySubscriberRequest, requestId = 218
15:27:33:467  INFO 19180 --- [main] pertySourcedRequestMappingHandlerMapping : Mapped URL path [/v2/api-docs] onto method [springfox.documentation.swagger2.web.Swagger2ControllerWebMvc#getDocumentation(String, HttpServletRequest)]
15:27:33:989  INFO 19180 --- [main] com.alibaba.nacos.common.remote.client   : [RpcClientFactory] create a new rpc client of 073cc2a2-921c-4865-b0e7-cd61478f0706
15:27:34:026  INFO 19180 --- [main] org.reflections.Reflections              : Reflections took 19 ms to scan 1 urls, producing 3 keys and 6 values 
15:27:34:044  INFO 19180 --- [main] org.reflections.Reflections              : Reflections took 5 ms to scan 1 urls, producing 4 keys and 9 values 
15:27:34:049  INFO 19180 --- [main] org.reflections.Reflections              : Reflections took 4 ms to scan 1 urls, producing 3 keys and 10 values 
15:27:34:051  WARN 19180 --- [main] org.reflections.Reflections              : given scan urls are empty. set urls in the configuration
15:27:34:055  INFO 19180 --- [main] org.reflections.Reflections              : Reflections took 4 ms to scan 1 urls, producing 1 keys and 5 values 
15:27:34:061  INFO 19180 --- [main] org.reflections.Reflections              : Reflections took 4 ms to scan 1 urls, producing 1 keys and 7 values 
15:27:34:067  INFO 19180 --- [main] org.reflections.Reflections              : Reflections took 5 ms to scan 1 urls, producing 2 keys and 8 values 
15:27:34:067  WARN 19180 --- [main] org.reflections.Reflections              : given scan urls are empty. set urls in the configuration
15:27:34:068  INFO 19180 --- [main] com.alibaba.nacos.common.remote.client   : [073cc2a2-921c-4865-b0e7-cd61478f0706] RpcClient init label, labels = {module=naming, source=sdk}
15:27:34:069  INFO 19180 --- [main] com.alibaba.nacos.common.remote.client   : [073cc2a2-921c-4865-b0e7-cd61478f0706] RpcClient init, ServerListFactory = com.alibaba.nacos.client.naming.core.ServerListManager
15:27:34:069  INFO 19180 --- [main] com.alibaba.nacos.common.remote.client   : [073cc2a2-921c-4865-b0e7-cd61478f0706] Registry connection listener to current client:com.alibaba.nacos.client.naming.remote.gprc.redo.NamingGrpcRedoService
15:27:34:069  INFO 19180 --- [main] com.alibaba.nacos.common.remote.client   : [073cc2a2-921c-4865-b0e7-cd61478f0706] Register server push request handler:com.alibaba.nacos.client.naming.remote.gprc.NamingPushRequestHandler
15:27:34:070  INFO 19180 --- [main] com.alibaba.nacos.common.remote.client   : [073cc2a2-921c-4865-b0e7-cd61478f0706] Try to connect to server on start up, server: {serverIp = '192.168.153.128', server main port = 8848}
15:27:34:652  INFO 19180 --- [main] com.alibaba.nacos.common.remote.client   : [073cc2a2-921c-4865-b0e7-cd61478f0706] Success to connect to server [192.168.153.128:8848] on start up, connectionId = 1731644833872_192.168.153.1_52515
15:27:34:652  INFO 19180 --- [com.alibaba.nacos.client.remote.worker] com.alibaba.nacos.common.remote.client   : [073cc2a2-921c-4865-b0e7-cd61478f0706] Notify connected event to listeners.
15:27:34:652  INFO 19180 --- [main] com.alibaba.nacos.common.remote.client   : [073cc2a2-921c-4865-b0e7-cd61478f0706] Register server push request handler:com.alibaba.nacos.common.remote.client.RpcClient$ConnectResetRequestHandler
15:27:34:655  INFO 19180 --- [main] com.alibaba.nacos.common.remote.client   : [073cc2a2-921c-4865-b0e7-cd61478f0706] Register server push request handler:com.alibaba.nacos.common.remote.client.RpcClient$$Lambda$1092/0x00000234b1881688
15:27:34:692  INFO 19180 --- [main] o.s.b.w.embedded.tomcat.TomcatWebServer  : Tomcat started on port(s): 8083 (http) with context path ''
15:27:34:704  INFO 19180 --- [main] c.a.c.n.registry.NacosServiceRegistry    : nacos registry, DEFAULT_GROUP item-service 172.23.184.53:8083 register finished
15:27:34:810  INFO 19180 --- [main] d.s.w.p.DocumentationPluginsBootstrapper : Documentation plugins bootstrapped
15:27:34:812  INFO 19180 --- [main] d.s.w.p.DocumentationPluginsBootstrapper : Found 1 custom documentation plugin(s)
15:27:34:830  INFO 19180 --- [main] s.d.s.w.s.ApiListingReferenceScanner     : Scanning for api listing references
15:27:34:919  INFO 19180 --- [main] com.hmall.item.ItemApplication           : Started ItemApplication in 3.708 seconds (JVM running for 4.098)
15:27:35:177  INFO 22776 --- [nacos-grpc-client-executor-11] com.alibaba.nacos.common.remote.client   : [1e4bf5d4-821a-4c6e-b0c1-9756e1727dfe] Receive server push request, request = NotifySubscriberRequest, requestId = 219
15:27:35:178  INFO 22776 --- [nacos-grpc-client-executor-11] com.alibaba.nacos.common.remote.client   : [1e4bf5d4-821a-4c6e-b0c1-9756e1727dfe] Ack server push request, request = NotifySubscriberRequest, requestId = 219
15:27:35:186  INFO 19180 --- [nacos-grpc-client-executor-8] com.alibaba.nacos.common.remote.client   : [073cc2a2-921c-4865-b0e7-cd61478f0706] Receive server push request, request = NotifySubscriberRequest, requestId = 220
15:27:35:188  INFO 19180 --- [nacos-grpc-client-executor-8] com.alibaba.nacos.common.remote.client   : [073cc2a2-921c-4865-b0e7-cd61478f0706] Ack server push request, request = NotifySubscriberRequest, requestId = 220
15:30:30:193  INFO 22776 --- [http-nio-8081-exec-1] o.a.c.c.C.[Tomcat].[localhost].[/]       : Initializing Spring DispatcherServlet 'dispatcherServlet'
15:30:30:193  INFO 22776 --- [http-nio-8081-exec-1] o.s.web.servlet.DispatcherServlet        : Initializing Servlet 'dispatcherServlet'
15:30:30:194  INFO 22776 --- [http-nio-8081-exec-1] o.s.web.servlet.DispatcherServlet        : Completed initialization in 1 ms
15:30:30:254  WARN 22776 --- [http-nio-8081-exec-1] c.b.m.c.t.support.ReflectLambdaMeta      : Unable to make field private final java.lang.Class java.lang.invoke.SerializedLambda.capturingClass accessible: module java.base does not "opens java.lang.invoke" to unnamed module @3d285d7e
15:30:30:292  INFO 22776 --- [http-nio-8081-exec-1] com.zaxxer.hikari.HikariDataSource       : HikariPool-1 - Starting...
15:30:30:515  INFO 22776 --- [http-nio-8081-exec-1] com.zaxxer.hikari.HikariDataSource       : HikariPool-1 - Start completed.
15:30:30:519 DEBUG 22776 --- [http-nio-8081-exec-1] c.h.i.m.ItemMapper.selectPage_mpCount    : ==>  Preparing: SELECT COUNT(*) AS total FROM item WHERE (status = ?)
15:30:30:534 DEBUG 22776 --- [http-nio-8081-exec-1] c.h.i.m.ItemMapper.selectPage_mpCount    : ==> Parameters: 1(Integer)
15:30:30:694  INFO 19180 --- [http-nio-8083-exec-1] o.a.c.c.C.[Tomcat].[localhost].[/]       : Initializing Spring DispatcherServlet 'dispatcherServlet'
15:30:30:694  INFO 19180 --- [http-nio-8083-exec-1] o.s.web.servlet.DispatcherServlet        : Initializing Servlet 'dispatcherServlet'
15:30:30:694  INFO 19180 --- [http-nio-8083-exec-1] o.s.web.servlet.DispatcherServlet        : Completed initialization in 0 ms
15:30:30:755  WARN 19180 --- [http-nio-8083-exec-1] c.b.m.c.t.support.ReflectLambdaMeta      : Unable to make field private final java.lang.Class java.lang.invoke.SerializedLambda.capturingClass accessible: module java.base does not "opens java.lang.invoke" to unnamed module @3d285d7e
15:30:30:799  INFO 19180 --- [http-nio-8083-exec-1] com.zaxxer.hikari.HikariDataSource       : HikariPool-1 - Starting...
15:30:31:019  INFO 19180 --- [http-nio-8083-exec-1] com.zaxxer.hikari.HikariDataSource       : HikariPool-1 - Start completed.
15:30:31:024 DEBUG 19180 --- [http-nio-8083-exec-1] c.h.i.m.ItemMapper.selectPage_mpCount    : ==>  Preparing: SELECT COUNT(*) AS total FROM item WHERE (status = ?)
15:30:31:026 DEBUG 22776 --- [http-nio-8081-exec-1] c.h.i.m.ItemMapper.selectPage_mpCount    : <==      Total: 1
15:30:31:039 DEBUG 22776 --- [http-nio-8081-exec-1] c.h.item.mapper.ItemMapper.selectPage    : ==>  Preparing: SELECT id, name, price, stock, image, category, brand, spec, sold, comment_count, isAD, status, create_time, update_time, creater, updater FROM item WHERE (status = ?) ORDER BY update_time DESC LIMIT ?,?
15:30:31:040 DEBUG 22776 --- [http-nio-8081-exec-1] c.h.item.mapper.ItemMapper.selectPage    : ==> Parameters: 1(Integer), 20(Long), 20(Long)
15:30:31:041 DEBUG 19180 --- [http-nio-8083-exec-1] c.h.i.m.ItemMapper.selectPage_mpCount    : ==> Parameters: 1(Integer)
15:30:31:125 DEBUG 22776 --- [http-nio-8081-exec-1] c.h.item.mapper.ItemMapper.selectPage    : <==      Total: 20
15:30:31:250 DEBUG 19180 --- [http-nio-8083-exec-1] c.h.i.m.ItemMapper.selectPage_mpCount    : <==      Total: 1
15:30:31:265 DEBUG 19180 --- [http-nio-8083-exec-1] c.h.item.mapper.ItemMapper.selectPage    : ==>  Preparing: SELECT id, name, price, stock, image, category, brand, spec, sold, comment_count, isAD, status, create_time, update_time, creater, updater FROM item WHERE (status = ?) ORDER BY update_time DESC LIMIT ?
15:30:31:266 DEBUG 19180 --- [http-nio-8083-exec-1] c.h.item.mapper.ItemMapper.selectPage    : ==> Parameters: 1(Integer), 20(Long)
15:30:31:284 DEBUG 19180 --- [http-nio-8083-exec-1] c.h.item.mapper.ItemMapper.selectPage    : <==      Total: 20
15:30:31:346 DEBUG 22776 --- [http-nio-8081-exec-4] c.h.i.m.ItemMapper.selectPage_mpCount    : ==>  Preparing: SELECT COUNT(*) AS total FROM item WHERE (status = ?)
15:30:31:346 DEBUG 22776 --- [http-nio-8081-exec-4] c.h.i.m.ItemMapper.selectPage_mpCount    : ==> Parameters: 1(Integer)
15:30:31:436 DEBUG 22776 --- [http-nio-8081-exec-4] c.h.i.m.ItemMapper.selectPage_mpCount    : <==      Total: 1
15:30:31:440 DEBUG 22776 --- [http-nio-8081-exec-4] c.h.item.mapper.ItemMapper.selectPage    : ==>  Preparing: SELECT id, name, price, stock, image, category, brand, spec, sold, comment_count, isAD, status, create_time, update_time, creater, updater FROM item WHERE (status = ?) ORDER BY update_time DESC LIMIT ?,?
15:30:31:440 DEBUG 22776 --- [http-nio-8081-exec-4] c.h.item.mapper.ItemMapper.selectPage    : ==> Parameters: 1(Integer), 20(Long), 20(Long)
15:30:31:448 DEBUG 22776 --- [http-nio-8081-exec-4] c.h.item.mapper.ItemMapper.selectPage    : <==      Total: 20
15:30:31:541 DEBUG 19180 --- [http-nio-8083-exec-2] c.h.i.m.ItemMapper.selectPage_mpCount    : ==>  Preparing: SELECT COUNT(*) AS total FROM item WHERE (status = ?)
15:30:31:541 DEBUG 19180 --- [http-nio-8083-exec-2] c.h.i.m.ItemMapper.selectPage_mpCount    : ==> Parameters: 1(Integer)
15:30:31:733 DEBUG 19180 --- [http-nio-8083-exec-2] c.h.i.m.ItemMapper.selectPage_mpCount    : <==      Total: 1
15:30:31:737 DEBUG 19180 --- [http-nio-8083-exec-2] c.h.item.mapper.ItemMapper.selectPage    : ==>  Preparing: SELECT id, name, price, stock, image, category, brand, spec, sold, comment_count, isAD, status, create_time, update_time, creater, updater FROM item WHERE (status = ?) ORDER BY update_time DESC LIMIT ?,?
15:30:31:737 DEBUG 19180 --- [http-nio-8083-exec-2] c.h.item.mapper.ItemMapper.selectPage    : ==> Parameters: 1(Integer), 40(Long), 20(Long)
15:30:31:758 DEBUG 19180 --- [http-nio-8083-exec-2] c.h.item.mapper.ItemMapper.selectPage    : <==      Total: 20
15:30:32:272 DEBUG 22776 --- [http-nio-8081-exec-7] c.h.i.m.ItemMapper.selectPage_mpCount    : ==>  Preparing: SELECT COUNT(*) AS total FROM item WHERE (status = ?)
15:30:32:273 DEBUG 22776 --- [http-nio-8081-exec-7] c.h.i.m.ItemMapper.selectPage_mpCount    : ==> Parameters: 1(Integer)
15:30:32:457 DEBUG 22776 --- [http-nio-8081-exec-7] c.h.i.m.ItemMapper.selectPage_mpCount    : <==      Total: 1
15:30:32:458 DEBUG 22776 --- [http-nio-8081-exec-7] c.h.item.mapper.ItemMapper.selectPage    : ==>  Preparing: SELECT id, name, price, stock, image, category, brand, spec, sold, comment_count, isAD, status, create_time, update_time, creater, updater FROM item WHERE (status = ?) ORDER BY update_time DESC LIMIT ?,?
15:30:32:458 DEBUG 22776 --- [http-nio-8081-exec-7] c.h.item.mapper.ItemMapper.selectPage    : ==> Parameters: 1(Integer), 20(Long), 20(Long)
15:30:32:471 DEBUG 22776 --- [http-nio-8081-exec-7] c.h.item.mapper.ItemMapper.selectPage    : <==      Total: 20
15:30:33:103 DEBUG 19180 --- [http-nio-8083-exec-3] c.h.i.m.ItemMapper.selectPage_mpCount    : ==>  Preparing: SELECT COUNT(*) AS total FROM item WHERE (status = ?)
15:30:33:103 DEBUG 19180 --- [http-nio-8083-exec-3] c.h.i.m.ItemMapper.selectPage_mpCount    : ==> Parameters: 1(Integer)
15:30:33:285 DEBUG 19180 --- [http-nio-8083-exec-3] c.h.i.m.ItemMapper.selectPage_mpCount    : <==      Total: 1
15:30:33:287 DEBUG 19180 --- [http-nio-8083-exec-3] c.h.item.mapper.ItemMapper.selectPage    : ==>  Preparing: SELECT id, name, price, stock, image, category, brand, spec, sold, comment_count, isAD, status, create_time, update_time, creater, updater FROM item WHERE (status = ?) ORDER BY update_time DESC LIMIT ?
15:30:33:288 DEBUG 19180 --- [http-nio-8083-exec-3] c.h.item.mapper.ItemMapper.selectPage    : ==> Parameters: 1(Integer), 20(Long)
15:30:33:298 DEBUG 19180 --- [http-nio-8083-exec-3] c.h.item.mapper.ItemMapper.selectPage    : <==      Total: 20
15:30:36:468 DEBUG 22776 --- [http-nio-8081-exec-3] c.h.i.m.ItemMapper.selectPage_mpCount    : ==>  Preparing: SELECT COUNT(*) AS total FROM item WHERE (status = ?)
15:30:36:468 DEBUG 22776 --- [http-nio-8081-exec-3] c.h.i.m.ItemMapper.selectPage_mpCount    : ==> Parameters: 1(Integer)
15:30:36:666 DEBUG 22776 --- [http-nio-8081-exec-3] c.h.i.m.ItemMapper.selectPage_mpCount    : <==      Total: 1
15:30:36:668 DEBUG 22776 --- [http-nio-8081-exec-3] c.h.item.mapper.ItemMapper.selectPage    : ==>  Preparing: SELECT id, name, price, stock, image, category, brand, spec, sold, comment_count, isAD, status, create_time, update_time, creater, updater FROM item WHERE (status = ?) ORDER BY update_time DESC LIMIT ?,?
15:30:36:669 DEBUG 22776 --- [http-nio-8081-exec-3] c.h.item.mapper.ItemMapper.selectPage    : ==> Parameters: 1(Integer), 20(Long), 20(Long)
15:30:36:674 DEBUG 22776 --- [http-nio-8081-exec-3] c.h.item.mapper.ItemMapper.selectPage    : <==      Total: 20
15:30:36:874 DEBUG 19180 --- [http-nio-8083-exec-9] c.h.i.m.ItemMapper.selectPage_mpCount    : ==>  Preparing: SELECT COUNT(*) AS total FROM item WHERE (status = ?)
15:30:36:874 DEBUG 19180 --- [http-nio-8083-exec-9] c.h.i.m.ItemMapper.selectPage_mpCount    : ==> Parameters: 1(Integer)
15:30:37:071 DEBUG 19180 --- [http-nio-8083-exec-9] c.h.i.m.ItemMapper.selectPage_mpCount    : <==      Total: 1
15:30:37:074 DEBUG 19180 --- [http-nio-8083-exec-9] c.h.item.mapper.ItemMapper.selectPage    : ==>  Preparing: SELECT id, name, price, stock, image, category, brand, spec, sold, comment_count, isAD, status, create_time, update_time, creater, updater FROM item WHERE (status = ?) ORDER BY update_time DESC LIMIT ?,?
15:30:37:075 DEBUG 19180 --- [http-nio-8083-exec-9] c.h.item.mapper.ItemMapper.selectPage    : ==> Parameters: 1(Integer), 40(Long), 20(Long)
15:30:37:087 DEBUG 19180 --- [http-nio-8083-exec-9] c.h.item.mapper.ItemMapper.selectPage    : <==      Total: 20
15:30:37:294 DEBUG 22776 --- [http-nio-8081-exec-8] c.h.i.m.ItemMapper.selectPage_mpCount    : ==>  Preparing: SELECT COUNT(*) AS total FROM item WHERE (status = ?)
15:30:37:295 DEBUG 22776 --- [http-nio-8081-exec-8] c.h.i.m.ItemMapper.selectPage_mpCount    : ==> Parameters: 1(Integer)
15:30:37:459 DEBUG 22776 --- [http-nio-8081-exec-8] c.h.i.m.ItemMapper.selectPage_mpCount    : <==      Total: 1
15:30:37:461 DEBUG 22776 --- [http-nio-8081-exec-8] c.h.item.mapper.ItemMapper.selectPage    : ==>  Preparing: SELECT id, name, price, stock, image, category, brand, spec, sold, comment_count, isAD, status, create_time, update_time, creater, updater FROM item WHERE (status = ?) ORDER BY update_time DESC LIMIT ?,?
15:30:37:465 DEBUG 22776 --- [http-nio-8081-exec-8] c.h.item.mapper.ItemMapper.selectPage    : ==> Parameters: 1(Integer), 60(Long), 20(Long)
15:30:37:474 DEBUG 22776 --- [http-nio-8081-exec-8] c.h.item.mapper.ItemMapper.selectPage    : <==      Total: 20
15:30:37:891 DEBUG 19180 --- [http-nio-8083-exec-5] c.h.i.m.ItemMapper.selectPage_mpCount    : ==>  Preparing: SELECT COUNT(*) AS total FROM item WHERE (status = ?)
15:30:37:891 DEBUG 19180 --- [http-nio-8083-exec-5] c.h.i.m.ItemMapper.selectPage_mpCount    : ==> Parameters: 1(Integer)
15:30:38:083 DEBUG 19180 --- [http-nio-8083-exec-5] c.h.i.m.ItemMapper.selectPage_mpCount    : <==      Total: 1
15:30:38:085 DEBUG 19180 --- [http-nio-8083-exec-5] c.h.item.mapper.ItemMapper.selectPage    : ==>  Preparing: SELECT id, name, price, stock, image, category, brand, spec, sold, comment_count, isAD, status, create_time, update_time, creater, updater FROM item WHERE (status = ?) ORDER BY update_time DESC LIMIT ?,?
15:30:38:085 DEBUG 19180 --- [http-nio-8083-exec-5] c.h.item.mapper.ItemMapper.selectPage    : ==> Parameters: 1(Integer), 80(Long), 20(Long)
15:30:38:095 DEBUG 19180 --- [http-nio-8083-exec-5] c.h.item.mapper.ItemMapper.selectPage    : <==      Total: 20
15:54:09:444 DEBUG 22776 --- [http-nio-8081-exec-6] c.h.i.mapper.ItemMapper.selectBatchIds   : ==>  Preparing: SELECT id,name,price,stock,image,category,brand,spec,sold,comment_count,isAD,status,create_time,update_time,creater,updater FROM item WHERE id IN ( ? )
15:54:09:444 DEBUG 22776 --- [http-nio-8081-exec-6] c.h.i.mapper.ItemMapper.selectBatchIds   : ==> Parameters: 100000006163(Long)
15:54:09:454 DEBUG 22776 --- [http-nio-8081-exec-6] c.h.i.mapper.ItemMapper.selectBatchIds   : <==      Total: 1
15:54:11:515 DEBUG 19180 --- [http-nio-8083-exec-7] c.h.i.mapper.ItemMapper.selectBatchIds   : ==>  Preparing: SELECT id,name,price,stock,image,category,brand,spec,sold,comment_count,isAD,status,create_time,update_time,creater,updater FROM item WHERE id IN ( ? )
15:54:11:515 DEBUG 19180 --- [http-nio-8083-exec-7] c.h.i.mapper.ItemMapper.selectBatchIds   : ==> Parameters: 100000006163(Long)
15:54:11:519 DEBUG 19180 --- [http-nio-8083-exec-7] c.h.i.mapper.ItemMapper.selectBatchIds   : <==      Total: 1
15:54:11:707 DEBUG 22776 --- [http-nio-8081-exec-5] c.h.i.mapper.ItemMapper.selectBatchIds   : ==>  Preparing: SELECT id,name,price,stock,image,category,brand,spec,sold,comment_count,isAD,status,create_time,update_time,creater,updater FROM item WHERE id IN ( ? )
15:54:11:707 DEBUG 22776 --- [http-nio-8081-exec-5] c.h.i.mapper.ItemMapper.selectBatchIds   : ==> Parameters: 100000006163(Long)
15:54:11:711 DEBUG 22776 --- [http-nio-8081-exec-5] c.h.i.mapper.ItemMapper.selectBatchIds   : <==      Total: 1
15:54:11:853 DEBUG 19180 --- [http-nio-8083-exec-8] c.h.i.mapper.ItemMapper.selectBatchIds   : ==>  Preparing: SELECT id,name,price,stock,image,category,brand,spec,sold,comment_count,isAD,status,create_time,update_time,creater,updater FROM item WHERE id IN ( ? )
15:54:11:853 DEBUG 19180 --- [http-nio-8083-exec-8] c.h.i.mapper.ItemMapper.selectBatchIds   : ==> Parameters: 100000006163(Long)
15:54:11:856 DEBUG 19180 --- [http-nio-8083-exec-8] c.h.i.mapper.ItemMapper.selectBatchIds   : <==      Total: 1
15:54:12:018 DEBUG 22776 --- [http-nio-8081-exec-9] c.h.i.mapper.ItemMapper.selectBatchIds   : ==>  Preparing: SELECT id,name,price,stock,image,category,brand,spec,sold,comment_count,isAD,status,create_time,update_time,creater,updater FROM item WHERE id IN ( ? )
15:54:12:019 DEBUG 22776 --- [http-nio-8081-exec-9] c.h.i.mapper.ItemMapper.selectBatchIds   : ==> Parameters: 100000006163(Long)
15:54:12:022 DEBUG 22776 --- [http-nio-8081-exec-9] c.h.i.mapper.ItemMapper.selectBatchIds   : <==      Total: 1
15:54:12:189 DEBUG 19180 --- [http-nio-8083-exec-4] c.h.i.mapper.ItemMapper.selectBatchIds   : ==>  Preparing: SELECT id,name,price,stock,image,category,brand,spec,sold,comment_count,isAD,status,create_time,update_time,creater,updater FROM item WHERE id IN ( ? )
15:54:12:190 DEBUG 19180 --- [http-nio-8083-exec-4] c.h.i.mapper.ItemMapper.selectBatchIds   : ==> Parameters: 100000006163(Long)
15:54:12:193 DEBUG 19180 --- [http-nio-8083-exec-4] c.h.i.mapper.ItemMapper.selectBatchIds   : <==      Total: 1
15:54:32:540 DEBUG 22776 --- [http-nio-8081-exec-10] c.h.i.mapper.ItemMapper.selectBatchIds   : ==>  Preparing: SELECT id,name,price,stock,image,category,brand,spec,sold,comment_count,isAD,status,create_time,update_time,creater,updater FROM item WHERE id IN ( ? )
15:54:32:540 DEBUG 22776 --- [http-nio-8081-exec-10] c.h.i.mapper.ItemMapper.selectBatchIds   : ==> Parameters: 100000006163(Long)
15:54:32:544 DEBUG 22776 --- [http-nio-8081-exec-10] c.h.i.mapper.ItemMapper.selectBatchIds   : <==      Total: 1
15:54:32:730 DEBUG 19180 --- [http-nio-8083-exec-10] c.h.i.mapper.ItemMapper.selectBatchIds   : ==>  Preparing: SELECT id,name,price,stock,image,category,brand,spec,sold,comment_count,isAD,status,create_time,update_time,creater,updater FROM item WHERE id IN ( ? )
15:54:32:730 DEBUG 19180 --- [http-nio-8083-exec-10] c.h.i.mapper.ItemMapper.selectBatchIds   : ==> Parameters: 100000006163(Long)
15:54:32:735 DEBUG 19180 --- [http-nio-8083-exec-10] c.h.i.mapper.ItemMapper.selectBatchIds   : <==      Total: 1
15:54:32:901 DEBUG 22776 --- [http-nio-8081-exec-1] c.h.i.mapper.ItemMapper.selectBatchIds   : ==>  Preparing: SELECT id,name,price,stock,image,category,brand,spec,sold,comment_count,isAD,status,create_time,update_time,creater,updater FROM item WHERE id IN ( ? )
15:54:32:901 DEBUG 22776 --- [http-nio-8081-exec-1] c.h.i.mapper.ItemMapper.selectBatchIds   : ==> Parameters: 100000006163(Long)
15:54:32:904 DEBUG 22776 --- [http-nio-8081-exec-1] c.h.i.mapper.ItemMapper.selectBatchIds   : <==      Total: 1
15:54:33:056 DEBUG 19180 --- [http-nio-8083-exec-1] c.h.i.mapper.ItemMapper.selectBatchIds   : ==>  Preparing: SELECT id,name,price,stock,image,category,brand,spec,sold,comment_count,isAD,status,create_time,update_time,creater,updater FROM item WHERE id IN ( ? )
15:54:33:056 DEBUG 19180 --- [http-nio-8083-exec-1] c.h.i.mapper.ItemMapper.selectBatchIds   : ==> Parameters: 100000006163(Long)
15:54:33:060 DEBUG 19180 --- [http-nio-8083-exec-1] c.h.i.mapper.ItemMapper.selectBatchIds   : <==      Total: 1
15:54:33:224 DEBUG 22776 --- [http-nio-8081-exec-4] c.h.i.mapper.ItemMapper.selectBatchIds   : ==>  Preparing: SELECT id,name,price,stock,image,category,brand,spec,sold,comment_count,isAD,status,create_time,update_time,creater,updater FROM item WHERE id IN ( ? )
15:54:33:230 DEBUG 22776 --- [http-nio-8081-exec-4] c.h.i.mapper.ItemMapper.selectBatchIds   : ==> Parameters: 100000006163(Long)
15:54:33:234 DEBUG 22776 --- [http-nio-8081-exec-4] c.h.i.mapper.ItemMapper.selectBatchIds   : <==      Total: 1
15:54:33:418 DEBUG 19180 --- [http-nio-8083-exec-2] c.h.i.mapper.ItemMapper.selectBatchIds   : ==>  Preparing: SELECT id,name,price,stock,image,category,brand,spec,sold,comment_count,isAD,status,create_time,update_time,creater,updater FROM item WHERE id IN ( ? )
15:54:33:418 DEBUG 19180 --- [http-nio-8083-exec-2] c.h.i.mapper.ItemMapper.selectBatchIds   : ==> Parameters: 100000006163(Long)
15:54:33:423 DEBUG 19180 --- [http-nio-8083-exec-2] c.h.i.mapper.ItemMapper.selectBatchIds   : <==      Total: 1
15:54:33:780 DEBUG 22776 --- [http-nio-8081-exec-7] c.h.i.mapper.ItemMapper.selectBatchIds   : ==>  Preparing: SELECT id,name,price,stock,image,category,brand,spec,sold,comment_count,isAD,status,create_time,update_time,creater,updater FROM item WHERE id IN ( ? )
15:54:33:781 DEBUG 22776 --- [http-nio-8081-exec-7] c.h.i.mapper.ItemMapper.selectBatchIds   : ==> Parameters: 100000006163(Long)
15:54:33:784 DEBUG 22776 --- [http-nio-8081-exec-7] c.h.i.mapper.ItemMapper.selectBatchIds   : <==      Total: 1
15:54:33:976 DEBUG 19180 --- [http-nio-8083-exec-3] c.h.i.mapper.ItemMapper.selectBatchIds   : ==>  Preparing: SELECT id,name,price,stock,image,category,brand,spec,sold,comment_count,isAD,status,create_time,update_time,creater,updater FROM item WHERE id IN ( ? )
15:54:33:977 DEBUG 19180 --- [http-nio-8083-exec-3] c.h.i.mapper.ItemMapper.selectBatchIds   : ==> Parameters: 100000006163(Long)
15:54:33:982 DEBUG 19180 --- [http-nio-8083-exec-3] c.h.i.mapper.ItemMapper.selectBatchIds   : <==      Total: 1
15:54:34:165 DEBUG 22776 --- [http-nio-8081-exec-3] c.h.i.mapper.ItemMapper.selectBatchIds   : ==>  Preparing: SELECT id,name,price,stock,image,category,brand,spec,sold,comment_count,isAD,status,create_time,update_time,creater,updater FROM item WHERE id IN ( ? )
15:54:34:166 DEBUG 22776 --- [http-nio-8081-exec-3] c.h.i.mapper.ItemMapper.selectBatchIds   : ==> Parameters: 100000006163(Long)
15:54:34:170 DEBUG 22776 --- [http-nio-8081-exec-3] c.h.i.mapper.ItemMapper.selectBatchIds   : <==      Total: 1
15:54:34:346 DEBUG 19180 --- [http-nio-8083-exec-9] c.h.i.mapper.ItemMapper.selectBatchIds   : ==>  Preparing: SELECT id,name,price,stock,image,category,brand,spec,sold,comment_count,isAD,status,create_time,update_time,creater,updater FROM item WHERE id IN ( ? )
15:54:34:346 DEBUG 19180 --- [http-nio-8083-exec-9] c.h.i.mapper.ItemMapper.selectBatchIds   : ==> Parameters: 100000006163(Long)
15:54:34:350 DEBUG 19180 --- [http-nio-8083-exec-9] c.h.i.mapper.ItemMapper.selectBatchIds   : <==      Total: 1
15:54:34:525 DEBUG 22776 --- [http-nio-8081-exec-8] c.h.i.mapper.ItemMapper.selectBatchIds   : ==>  Preparing: SELECT id,name,price,stock,image,category,brand,spec,sold,comment_count,isAD,status,create_time,update_time,creater,updater FROM item WHERE id IN ( ? )
15:54:34:526 DEBUG 22776 --- [http-nio-8081-exec-8] c.h.i.mapper.ItemMapper.selectBatchIds   : ==> Parameters: 100000006163(Long)
15:54:34:529 DEBUG 22776 --- [http-nio-8081-exec-8] c.h.i.mapper.ItemMapper.selectBatchIds   : <==      Total: 1
15:54:34:710 DEBUG 19180 --- [http-nio-8083-exec-5] c.h.i.mapper.ItemMapper.selectBatchIds   : ==>  Preparing: SELECT id,name,price,stock,image,category,brand,spec,sold,comment_count,isAD,status,create_time,update_time,creater,updater FROM item WHERE id IN ( ? )
15:54:34:710 DEBUG 19180 --- [http-nio-8083-exec-5] c.h.i.mapper.ItemMapper.selectBatchIds   : ==> Parameters: 100000006163(Long)
15:54:34:715 DEBUG 19180 --- [http-nio-8083-exec-5] c.h.i.mapper.ItemMapper.selectBatchIds   : <==      Total: 1
15:54:34:889 DEBUG 22776 --- [http-nio-8081-exec-2] c.h.i.mapper.ItemMapper.selectBatchIds   : ==>  Preparing: SELECT id,name,price,stock,image,category,brand,spec,sold,comment_count,isAD,status,create_time,update_time,creater,updater FROM item WHERE id IN ( ? )
15:54:34:889 DEBUG 22776 --- [http-nio-8081-exec-2] c.h.i.mapper.ItemMapper.selectBatchIds   : ==> Parameters: 100000006163(Long)
15:54:34:890 DEBUG 22776 --- [http-nio-8081-exec-2] c.h.i.mapper.ItemMapper.selectBatchIds   : <==      Total: 1
16:10:31:749 DEBUG 19180 --- [http-nio-8083-exec-7] c.h.i.mapper.ItemMapper.selectBatchIds   : ==>  Preparing: SELECT id,name,price,stock,image,category,brand,spec,sold,comment_count,isAD,status,create_time,update_time,creater,updater FROM item WHERE id IN ( ? )
16:10:31:749 DEBUG 19180 --- [http-nio-8083-exec-7] c.h.i.mapper.ItemMapper.selectBatchIds   : ==> Parameters: 100000006163(Long)
16:10:31:749 DEBUG 19180 --- [http-nio-8083-exec-8] c.h.i.mapper.ItemMapper.selectBatchIds   : ==>  Preparing: SELECT id,name,price,stock,image,category,brand,spec,sold,comment_count,isAD,status,create_time,update_time,creater,updater FROM item WHERE id IN ( ? )
16:10:31:750 DEBUG 19180 --- [http-nio-8083-exec-8] c.h.i.mapper.ItemMapper.selectBatchIds   : ==> Parameters: 100000006163(Long)
16:10:31:751 DEBUG 22776 --- [http-nio-8081-exec-5] c.h.i.mapper.ItemMapper.selectBatchIds   : ==>  Preparing: SELECT id,name,price,stock,image,category,brand,spec,sold,comment_count,isAD,status,create_time,update_time,creater,updater FROM item WHERE id IN ( ? )
16:10:31:751 DEBUG 22776 --- [http-nio-8081-exec-5] c.h.i.mapper.ItemMapper.selectBatchIds   : ==> Parameters: 100000006163(Long)
16:10:31:755 DEBUG 19180 --- [http-nio-8083-exec-7] c.h.i.mapper.ItemMapper.selectBatchIds   : <==      Total: 1
16:10:31:756 DEBUG 19180 --- [http-nio-8083-exec-8] c.h.i.mapper.ItemMapper.selectBatchIds   : <==      Total: 1
16:10:31:759 DEBUG 22776 --- [http-nio-8081-exec-5] c.h.i.mapper.ItemMapper.selectBatchIds   : <==      Total: 1
16:10:53:723 DEBUG 22776 --- [http-nio-8081-exec-9] c.h.i.mapper.ItemMapper.selectBatchIds   : ==>  Preparing: SELECT id,name,price,stock,image,category,brand,spec,sold,comment_count,isAD,status,create_time,update_time,creater,updater FROM item WHERE id IN ( ? )
16:10:53:723 DEBUG 22776 --- [http-nio-8081-exec-9] c.h.i.mapper.ItemMapper.selectBatchIds   : ==> Parameters: 100000006163(Long)
16:10:53:728 DEBUG 22776 --- [http-nio-8081-exec-9] c.h.i.mapper.ItemMapper.selectBatchIds   : <==      Total: 1
16:10:58:732 DEBUG 19180 --- [http-nio-8083-exec-4] c.h.i.mapper.ItemMapper.selectBatchIds   : ==>  Preparing: SELECT id,name,price,stock,image,category,brand,spec,sold,comment_count,isAD,status,create_time,update_time,creater,updater FROM item WHERE id IN ( ? )
16:10:58:733 DEBUG 19180 --- [http-nio-8083-exec-4] c.h.i.mapper.ItemMapper.selectBatchIds   : ==> Parameters: 100000006163(Long)
16:10:58:737 DEBUG 19180 --- [http-nio-8083-exec-4] c.h.i.mapper.ItemMapper.selectBatchIds   : <==      Total: 1
16:10:58:946 DEBUG 22776 --- [http-nio-8081-exec-10] c.h.i.mapper.ItemMapper.selectBatchIds   : ==>  Preparing: SELECT id,name,price,stock,image,category,brand,spec,sold,comment_count,isAD,status,create_time,update_time,creater,updater FROM item WHERE id IN ( ? )
16:10:58:946 DEBUG 22776 --- [http-nio-8081-exec-10] c.h.i.mapper.ItemMapper.selectBatchIds   : ==> Parameters: 100000006163(Long)
16:10:58:950 DEBUG 22776 --- [http-nio-8081-exec-10] c.h.i.mapper.ItemMapper.selectBatchIds   : <==      Total: 1
16:10:59:106 DEBUG 19180 --- [http-nio-8083-exec-10] c.h.i.mapper.ItemMapper.selectBatchIds   : ==>  Preparing: SELECT id,name,price,stock,image,category,brand,spec,sold,comment_count,isAD,status,create_time,update_time,creater,updater FROM item WHERE id IN ( ? )
16:10:59:106 DEBUG 19180 --- [http-nio-8083-exec-10] c.h.i.mapper.ItemMapper.selectBatchIds   : ==> Parameters: 100000006163(Long)
16:10:59:110 DEBUG 19180 --- [http-nio-8083-exec-10] c.h.i.mapper.ItemMapper.selectBatchIds   : <==      Total: 1
16:10:59:488 DEBUG 22776 --- [http-nio-8081-exec-1] c.h.i.mapper.ItemMapper.selectBatchIds   : ==>  Preparing: SELECT id,name,price,stock,image,category,brand,spec,sold,comment_count,isAD,status,create_time,update_time,creater,updater FROM item WHERE id IN ( ? )
16:10:59:489 DEBUG 22776 --- [http-nio-8081-exec-1] c.h.i.mapper.ItemMapper.selectBatchIds   : ==> Parameters: 100000006163(Long)
16:10:59:491 DEBUG 22776 --- [http-nio-8081-exec-1] c.h.i.mapper.ItemMapper.selectBatchIds   : <==      Total: 1
16:10:59:701 DEBUG 19180 --- [http-nio-8083-exec-1] c.h.i.mapper.ItemMapper.selectBatchIds   : ==>  Preparing: SELECT id,name,price,stock,image,category,brand,spec,sold,comment_count,isAD,status,create_time,update_time,creater,updater FROM item WHERE id IN ( ? )
16:10:59:701 DEBUG 19180 --- [http-nio-8083-exec-1] c.h.i.mapper.ItemMapper.selectBatchIds   : ==> Parameters: 100000006163(Long)
16:10:59:706 DEBUG 19180 --- [http-nio-8083-exec-1] c.h.i.mapper.ItemMapper.selectBatchIds   : <==      Total: 1
16:10:59:873 DEBUG 22776 --- [http-nio-8081-exec-4] c.h.i.mapper.ItemMapper.selectBatchIds   : ==>  Preparing: SELECT id,name,price,stock,image,category,brand,spec,sold,comment_count,isAD,status,create_time,update_time,creater,updater FROM item WHERE id IN ( ? )
16:10:59:873 DEBUG 22776 --- [http-nio-8081-exec-4] c.h.i.mapper.ItemMapper.selectBatchIds   : ==> Parameters: 100000006163(Long)
16:10:59:878 DEBUG 22776 --- [http-nio-8081-exec-4] c.h.i.mapper.ItemMapper.selectBatchIds   : <==      Total: 1
16:11:01:416 DEBUG 19180 --- [http-nio-8083-exec-2] c.h.i.mapper.ItemMapper.selectBatchIds   : ==>  Preparing: SELECT id,name,price,stock,image,category,brand,spec,sold,comment_count,isAD,status,create_time,update_time,creater,updater FROM item WHERE id IN ( ? )
16:11:01:417 DEBUG 19180 --- [http-nio-8083-exec-2] c.h.i.mapper.ItemMapper.selectBatchIds   : ==> Parameters: 100000006163(Long)
16:11:01:419 DEBUG 19180 --- [http-nio-8083-exec-2] c.h.i.mapper.ItemMapper.selectBatchIds   : <==      Total: 1
16:11:02:377 DEBUG 22776 --- [http-nio-8081-exec-7] c.h.i.m.ItemMapper.selectPage_mpCount    : ==>  Preparing: SELECT COUNT(*) AS total FROM item WHERE (status = ?)
16:11:02:377 DEBUG 22776 --- [http-nio-8081-exec-7] c.h.i.m.ItemMapper.selectPage_mpCount    : ==> Parameters: 1(Integer)
16:11:02:514 DEBUG 22776 --- [http-nio-8081-exec-7] c.h.i.m.ItemMapper.selectPage_mpCount    : <==      Total: 1
16:11:02:516 DEBUG 22776 --- [http-nio-8081-exec-7] c.h.item.mapper.ItemMapper.selectPage    : ==>  Preparing: SELECT id, name, price, stock, image, category, brand, spec, sold, comment_count, isAD, status, create_time, update_time, creater, updater FROM item WHERE (status = ?) ORDER BY update_time DESC LIMIT ?
16:11:02:516 DEBUG 22776 --- [http-nio-8081-exec-7] c.h.item.mapper.ItemMapper.selectPage    : ==> Parameters: 1(Integer), 20(Long)
16:11:02:529 DEBUG 22776 --- [http-nio-8081-exec-7] c.h.item.mapper.ItemMapper.selectPage    : <==      Total: 20
16:11:03:571 DEBUG 22776 --- [http-nio-8081-exec-3] c.h.i.mapper.ItemMapper.selectBatchIds   : ==>  Preparing: SELECT id,name,price,stock,image,category,brand,spec,sold,comment_count,isAD,status,create_time,update_time,creater,updater FROM item WHERE id IN ( ? , ? )
16:11:03:572 DEBUG 22776 --- [http-nio-8081-exec-3] c.h.i.mapper.ItemMapper.selectBatchIds   : ==> Parameters: 100000006163(Long), 100001511821(Long)
16:11:03:582 DEBUG 22776 --- [http-nio-8081-exec-3] c.h.i.mapper.ItemMapper.selectBatchIds   : <==      Total: 2
16:11:05:745 DEBUG 19180 --- [http-nio-8083-exec-3] c.h.i.mapper.ItemMapper.selectBatchIds   : ==>  Preparing: SELECT id,name,price,stock,image,category,brand,spec,sold,comment_count,isAD,status,create_time,update_time,creater,updater FROM item WHERE id IN ( ? , ? )
16:11:05:745 DEBUG 19180 --- [http-nio-8083-exec-3] c.h.i.mapper.ItemMapper.selectBatchIds   : ==> Parameters: 100000006163(Long), 100001511821(Long)
16:11:05:753 DEBUG 19180 --- [http-nio-8083-exec-3] c.h.i.mapper.ItemMapper.selectBatchIds   : <==      Total: 2
16:11:05:901 DEBUG 22776 --- [http-nio-8081-exec-8] c.h.i.mapper.ItemMapper.selectBatchIds   : ==>  Preparing: SELECT id,name,price,stock,image,category,brand,spec,sold,comment_count,isAD,status,create_time,update_time,creater,updater FROM item WHERE id IN ( ? , ? )
16:11:05:901 DEBUG 22776 --- [http-nio-8081-exec-8] c.h.i.mapper.ItemMapper.selectBatchIds   : ==> Parameters: 100000006163(Long), 100001511821(Long)
16:11:05:906 DEBUG 22776 --- [http-nio-8081-exec-8] c.h.i.mapper.ItemMapper.selectBatchIds   : <==      Total: 2
16:11:06:629 DEBUG 19180 --- [http-nio-8083-exec-9] c.h.i.mapper.ItemMapper.selectBatchIds   : ==>  Preparing: SELECT id,name,price,stock,image,category,brand,spec,sold,comment_count,isAD,status,create_time,update_time,creater,updater FROM item WHERE id IN ( ? , ? )
16:11:06:630 DEBUG 19180 --- [http-nio-8083-exec-9] c.h.i.mapper.ItemMapper.selectBatchIds   : ==> Parameters: 100000006163(Long), 100001511821(Long)
16:11:06:634 DEBUG 19180 --- [http-nio-8083-exec-9] c.h.i.mapper.ItemMapper.selectBatchIds   : <==      Total: 2
16:11:06:836 DEBUG 22776 --- [http-nio-8081-exec-2] c.h.i.mapper.ItemMapper.selectBatchIds   : ==>  Preparing: SELECT id,name,price,stock,image,category,brand,spec,sold,comment_count,isAD,status,create_time,update_time,creater,updater FROM item WHERE id IN ( ? , ? )
16:11:06:836 DEBUG 22776 --- [http-nio-8081-exec-2] c.h.i.mapper.ItemMapper.selectBatchIds   : ==> Parameters: 100000006163(Long), 100001511821(Long)
16:11:06:841 DEBUG 22776 --- [http-nio-8081-exec-2] c.h.i.mapper.ItemMapper.selectBatchIds   : <==      Total: 2
16:11:07:280 DEBUG 19180 --- [http-nio-8083-exec-5] c.h.i.mapper.ItemMapper.selectBatchIds   : ==>  Preparing: SELECT id,name,price,stock,image,category,brand,spec,sold,comment_count,isAD,status,create_time,update_time,creater,updater FROM item WHERE id IN ( ? , ? )
16:11:07:280 DEBUG 19180 --- [http-nio-8083-exec-5] c.h.i.mapper.ItemMapper.selectBatchIds   : ==> Parameters: 100000006163(Long), 100001511821(Long)
16:11:07:285 DEBUG 19180 --- [http-nio-8083-exec-5] c.h.i.mapper.ItemMapper.selectBatchIds   : <==      Total: 2
16:22:57:063 DEBUG 19180 --- [http-nio-8083-exec-7] c.h.i.mapper.ItemMapper.selectBatchIds   : ==>  Preparing: SELECT id,name,price,stock,image,category,brand,spec,sold,comment_count,isAD,status,create_time,update_time,creater,updater FROM item WHERE id IN ( ? , ? )
16:22:57:073 DEBUG 19180 --- [http-nio-8083-exec-7] c.h.i.mapper.ItemMapper.selectBatchIds   : ==> Parameters: 100000006163(Long), 100001511821(Long)
16:22:57:081 DEBUG 22776 --- [http-nio-8081-exec-9] c.h.i.mapper.ItemMapper.selectBatchIds   : ==>  Preparing: SELECT id,name,price,stock,image,category,brand,spec,sold,comment_count,isAD,status,create_time,update_time,creater,updater FROM item WHERE id IN ( ? , ? )
16:22:57:089 DEBUG 22776 --- [http-nio-8081-exec-9] c.h.i.mapper.ItemMapper.selectBatchIds   : ==> Parameters: 100000006163(Long), 100001511821(Long)
16:22:57:108 DEBUG 19180 --- [http-nio-8083-exec-7] c.h.i.mapper.ItemMapper.selectBatchIds   : <==      Total: 2
16:22:57:116 DEBUG 22776 --- [http-nio-8081-exec-9] c.h.i.mapper.ItemMapper.selectBatchIds   : <==      Total: 2
16:22:57:426 DEBUG 22776 --- [http-nio-8081-exec-10] c.h.i.mapper.ItemMapper.selectBatchIds   : ==>  Preparing: SELECT id,name,price,stock,image,category,brand,spec,sold,comment_count,isAD,status,create_time,update_time,creater,updater FROM item WHERE id IN ( ? , ? )
16:22:57:426 DEBUG 22776 --- [http-nio-8081-exec-10] c.h.i.mapper.ItemMapper.selectBatchIds   : ==> Parameters: 100000006163(Long), 100001511821(Long)
16:22:57:431 DEBUG 22776 --- [http-nio-8081-exec-10] c.h.i.mapper.ItemMapper.selectBatchIds   : <==      Total: 2
16:22:57:616 DEBUG 19180 --- [http-nio-8083-exec-4] c.h.i.mapper.ItemMapper.selectBatchIds   : ==>  Preparing: SELECT id,name,price,stock,image,category,brand,spec,sold,comment_count,isAD,status,create_time,update_time,creater,updater FROM item WHERE id IN ( ? , ? )
16:22:57:616 DEBUG 19180 --- [http-nio-8083-exec-4] c.h.i.mapper.ItemMapper.selectBatchIds   : ==> Parameters: 100000006163(Long), 100001511821(Long)
16:22:57:639 DEBUG 19180 --- [http-nio-8083-exec-4] c.h.i.mapper.ItemMapper.selectBatchIds   : <==      Total: 2
16:22:57:748 DEBUG 22776 --- [http-nio-8081-exec-1] c.h.i.mapper.ItemMapper.selectBatchIds   : ==>  Preparing: SELECT id,name,price,stock,image,category,brand,spec,sold,comment_count,isAD,status,create_time,update_time,creater,updater FROM item WHERE id IN ( ? , ? )
16:22:57:748 DEBUG 22776 --- [http-nio-8081-exec-1] c.h.i.mapper.ItemMapper.selectBatchIds   : ==> Parameters: 100000006163(Long), 100001511821(Long)
16:22:57:754 DEBUG 22776 --- [http-nio-8081-exec-1] c.h.i.mapper.ItemMapper.selectBatchIds   : <==      Total: 2
16:22:58:119 DEBUG 19180 --- [http-nio-8083-exec-10] c.h.i.mapper.ItemMapper.selectBatchIds   : ==>  Preparing: SELECT id,name,price,stock,image,category,brand,spec,sold,comment_count,isAD,status,create_time,update_time,creater,updater FROM item WHERE id IN ( ? , ? )
16:22:58:120 DEBUG 19180 --- [http-nio-8083-exec-10] c.h.i.mapper.ItemMapper.selectBatchIds   : ==> Parameters: 100000006163(Long), 100001511821(Long)
16:22:58:122 DEBUG 19180 --- [http-nio-8083-exec-10] c.h.i.mapper.ItemMapper.selectBatchIds   : <==      Total: 2
16:22:58:524 DEBUG 22776 --- [http-nio-8081-exec-4] c.h.i.mapper.ItemMapper.selectBatchIds   : ==>  Preparing: SELECT id,name,price,stock,image,category,brand,spec,sold,comment_count,isAD,status,create_time,update_time,creater,updater FROM item WHERE id IN ( ? , ? )
16:22:58:525 DEBUG 22776 --- [http-nio-8081-exec-4] c.h.i.mapper.ItemMapper.selectBatchIds   : ==> Parameters: 100000006163(Long), 100001511821(Long)
16:22:58:527 DEBUG 22776 --- [http-nio-8081-exec-4] c.h.i.mapper.ItemMapper.selectBatchIds   : <==      Total: 2
16:22:58:708 DEBUG 19180 --- [http-nio-8083-exec-1] c.h.i.mapper.ItemMapper.selectBatchIds   : ==>  Preparing: SELECT id,name,price,stock,image,category,brand,spec,sold,comment_count,isAD,status,create_time,update_time,creater,updater FROM item WHERE id IN ( ? , ? )
16:22:58:709 DEBUG 19180 --- [http-nio-8083-exec-1] c.h.i.mapper.ItemMapper.selectBatchIds   : ==> Parameters: 100000006163(Long), 100001511821(Long)
16:22:58:715 DEBUG 19180 --- [http-nio-8083-exec-1] c.h.i.mapper.ItemMapper.selectBatchIds   : <==      Total: 2
16:22:59:061 DEBUG 22776 --- [http-nio-8081-exec-7] c.h.i.mapper.ItemMapper.selectBatchIds   : ==>  Preparing: SELECT id,name,price,stock,image,category,brand,spec,sold,comment_count,isAD,status,create_time,update_time,creater,updater FROM item WHERE id IN ( ? , ? )
16:22:59:063 DEBUG 22776 --- [http-nio-8081-exec-7] c.h.i.mapper.ItemMapper.selectBatchIds   : ==> Parameters: 100000006163(Long), 100001511821(Long)
16:22:59:068 DEBUG 22776 --- [http-nio-8081-exec-7] c.h.i.mapper.ItemMapper.selectBatchIds   : <==      Total: 2
16:23:03:697 DEBUG 19180 --- [http-nio-8083-exec-2] c.h.i.mapper.ItemMapper.selectBatchIds   : ==>  Preparing: SELECT id,name,price,stock,image,category,brand,spec,sold,comment_count,isAD,status,create_time,update_time,creater,updater FROM item WHERE id IN ( ? , ? )
16:23:03:697 DEBUG 19180 --- [http-nio-8083-exec-2] c.h.i.mapper.ItemMapper.selectBatchIds   : ==> Parameters: 100000006163(Long), 100001511821(Long)
16:23:03:702 DEBUG 19180 --- [http-nio-8083-exec-2] c.h.i.mapper.ItemMapper.selectBatchIds   : <==      Total: 2
18:52:11:931  WARN 19180 --- [Thread-4] c.a.nacos.common.notify.NotifyCenter     : [NotifyCenter] Start destroying Publisher
18:52:11:931  WARN 19180 --- [Thread-7] c.a.n.common.http.HttpClientBeanHolder   : [HttpClientBeanHolder] Start destroying common HttpClient
18:52:11:939  WARN 19180 --- [Thread-4] c.a.nacos.common.notify.NotifyCenter     : [NotifyCenter] Destruction of the end
18:52:11:948  WARN 19180 --- [Thread-7] c.a.n.common.http.HttpClientBeanHolder   : [HttpClientBeanHolder] Destruction of the end
18:52:12:243  WARN 22776 --- [Thread-7] c.a.n.common.http.HttpClientBeanHolder   : [HttpClientBeanHolder] Start destroying common HttpClient
18:52:12:241  WARN 22776 --- [Thread-4] c.a.nacos.common.notify.NotifyCenter     : [NotifyCenter] Start destroying Publisher
18:52:12:249  WARN 22776 --- [Thread-4] c.a.nacos.common.notify.NotifyCenter     : [NotifyCenter] Destruction of the end
18:52:12:261  WARN 22776 --- [Thread-7] c.a.n.common.http.HttpClientBeanHolder   : [HttpClientBeanHolder] Destruction of the end
18:52:12:283  INFO 19180 --- [SpringApplicationShutdownHook] c.a.c.n.registry.NacosServiceRegistry    : De-registering from Nacos Server now...
18:52:12:295  INFO 19180 --- [SpringApplicationShutdownHook] c.a.c.n.registry.NacosServiceRegistry    : De-registration finished.
18:52:12:438  INFO 22776 --- [SpringApplicationShutdownHook] c.a.c.n.registry.NacosServiceRegistry    : De-registering from Nacos Server now...
18:52:12:451  INFO 22776 --- [SpringApplicationShutdownHook] c.a.c.n.registry.NacosServiceRegistry    : De-registration finished.
18:52:12:616  INFO 19180 --- [SpringApplicationShutdownHook] com.alibaba.nacos.common.remote.client   : Shutdown rpc client, set status to shutdown
18:52:12:616  INFO 19180 --- [SpringApplicationShutdownHook] com.alibaba.nacos.common.remote.client   : Shutdown client event executor java.util.concurrent.ScheduledThreadPoolExecutor@2d5c1a89[Running, pool size = 2, active threads = 2, queued tasks = 0, completed tasks = 0]
18:52:12:616  INFO 19180 --- [SpringApplicationShutdownHook] com.alibaba.nacos.common.remote.client   : Close current connection 1731644833872_192.168.153.1_52515
18:52:12:624  INFO 19180 --- [nacos-grpc-client-executor-2567] c.a.n.c.remote.client.grpc.GrpcClient    : [1731644833872_192.168.153.1_52515]Ignore complete event,isRunning:false,isAbandon=false
18:52:12:627  INFO 19180 --- [SpringApplicationShutdownHook] c.a.n.c.remote.client.grpc.GrpcClient    : Shutdown grpc executor java.util.concurrent.ThreadPoolExecutor@547ec34f[Running, pool size = 5, active threads = 0, queued tasks = 0, completed tasks = 2568]
18:52:12:637  INFO 19180 --- [SpringApplicationShutdownHook] com.zaxxer.hikari.HikariDataSource       : HikariPool-1 - Shutdown initiated...
18:52:12:680  INFO 19180 --- [SpringApplicationShutdownHook] com.zaxxer.hikari.HikariDataSource       : HikariPool-1 - Shutdown completed.
18:52:12:769  INFO 22776 --- [SpringApplicationShutdownHook] com.alibaba.nacos.common.remote.client   : Shutdown rpc client, set status to shutdown
18:52:12:769  INFO 22776 --- [SpringApplicationShutdownHook] com.alibaba.nacos.common.remote.client   : Shutdown client event executor java.util.concurrent.ScheduledThreadPoolExecutor@43d1189e[Running, pool size = 2, active threads = 2, queued tasks = 0, completed tasks = 0]
18:52:12:769  INFO 22776 --- [SpringApplicationShutdownHook] com.alibaba.nacos.common.remote.client   : Close current connection 1731644831877_192.168.153.1_52498
18:52:12:775  INFO 22776 --- [SpringApplicationShutdownHook] c.a.n.c.remote.client.grpc.GrpcClient    : Shutdown grpc executor java.util.concurrent.ThreadPoolExecutor@723830d2[Running, pool size = 5, active threads = 1, queued tasks = 0, completed tasks = 2562]
18:52:12:775  INFO 22776 --- [nacos-grpc-client-executor-2562] com.alibaba.nacos.common.remote.client   : [1e4bf5d4-821a-4c6e-b0c1-9756e1727dfe] Receive server push request, request = NotifySubscriberRequest, requestId = 236
18:52:12:778  INFO 22776 --- [nacos-grpc-client-executor-2562] com.alibaba.nacos.common.remote.client   : [1e4bf5d4-821a-4c6e-b0c1-9756e1727dfe] Ack server push request, request = NotifySubscriberRequest, requestId = 236
18:52:12:778 ERROR 22776 --- [nacos-grpc-client-executor-2562] c.a.n.c.remote.client.grpc.GrpcClient    : [1731644831877_192.168.153.1_52498]Error to send ack response, ackId->236
18:52:12:782  INFO 22776 --- [SpringApplicationShutdownHook] com.zaxxer.hikari.HikariDataSource       : HikariPool-1 - Shutdown initiated...
18:52:12:820  INFO 22776 --- [SpringApplicationShutdownHook] com.zaxxer.hikari.HikariDataSource       : HikariPool-1 - Shutdown completed.
